{"numFailedTestSuites":0,"numFailedTests":0,"numPassedTestSuites":1,"numPassedTests":7,"numPendingTestSuites":0,"numPendingTests":0,"numRuntimeErrorTestSuites":0,"numTodoTests":0,"numTotalTestSuites":1,"numTotalTests":7,"openHandles":[],"snapshot":{"added":0,"didUpdate":false,"failure":false,"filesAdded":0,"filesRemoved":0,"filesRemovedList":[],"filesUnmatched":0,"filesUpdated":0,"matched":0,"total":0,"unchecked":0,"uncheckedKeysByFile":[],"unmatched":0,"updated":0},"startTime":1767451290962,"success":true,"testResults":[{"assertionResults":[{"ancestorTitles":["Authentication API","POST /api/auth/register"],"duration":3561,"failureDetails":[],"failureMessages":[],"fullName":"Authentication API POST /api/auth/register should register a new customer","invocations":1,"location":null,"numPassingAsserts":4,"retryReasons":[],"status":"passed","title":"should register a new customer"},{"ancestorTitles":["Authentication API","POST /api/auth/register"],"duration":2680,"failureDetails":[],"failureMessages":[],"fullName":"Authentication API POST /api/auth/register should register a new restaurant","invocations":1,"location":null,"numPassingAsserts":3,"retryReasons":[],"status":"passed","title":"should register a new restaurant"},{"ancestorTitles":["Authentication API","POST /api/auth/register"],"duration":222,"failureDetails":[],"failureMessages":[],"fullName":"Authentication API POST /api/auth/register should not register with existing email","invocations":1,"location":null,"numPassingAsserts":2,"retryReasons":[],"status":"passed","title":"should not register with existing email"},{"ancestorTitles":["Authentication API","POST /api/auth/login"],"duration":482,"failureDetails":[],"failureMessages":[],"fullName":"Authentication API POST /api/auth/login should login with valid credentials","invocations":1,"location":null,"numPassingAsserts":3,"retryReasons":[],"status":"passed","title":"should login with valid credentials"},{"ancestorTitles":["Authentication API","POST /api/auth/login"],"duration":376,"failureDetails":[],"failureMessages":[],"fullName":"Authentication API POST /api/auth/login should not login with invalid password","invocations":1,"location":null,"numPassingAsserts":1,"retryReasons":[],"status":"passed","title":"should not login with invalid password"},{"ancestorTitles":["Authentication API","GET /api/auth/me"],"duration":509,"failureDetails":[],"failureMessages":[],"fullName":"Authentication API GET /api/auth/me should get current user profile","invocations":1,"location":null,"numPassingAsserts":2,"retryReasons":[],"status":"passed","title":"should get current user profile"},{"ancestorTitles":["Authentication API","GET /api/auth/me"],"duration":4,"failureDetails":[],"failureMessages":[],"fullName":"Authentication API GET /api/auth/me should fail without token","invocations":1,"location":null,"numPassingAsserts":1,"retryReasons":[],"status":"passed","title":"should fail without token"}],"endTime":1767451300401,"message":"","name":"C:\\Users\\Ammar\\Documents\\delivero\\backend\\tests\\auth.test.js","startTime":1767451291015,"status":"passed","summary":""}],"wasInterrupted":false,"coverageMap":{"C:\\Users\\Ammar\\Documents\\delivero\\backend\\server.js":{"path":"C:\\Users\\Ammar\\Documents\\delivero\\backend\\server.js","statementMap":{"0":{"start":{"line":1,"column":0},"end":{"line":1,"column":27}},"1":{"start":{"line":2,"column":16},"end":{"line":2,"column":34}},"2":{"start":{"line":3,"column":13},"end":{"line":3,"column":28}},"3":{"start":{"line":4,"column":15},"end":{"line":4,"column":32}},"4":{"start":{"line":5,"column":15},"end":{"line":5,"column":32}},"5":{"start":{"line":6,"column":20},"end":{"line":6,"column":42}},"6":{"start":{"line":7,"column":13},"end":{"line":7,"column":28}},"7":{"start":{"line":8,"column":17},"end":{"line":8,"column":37}},"8":{"start":{"line":9,"column":18},"end":{"line":9,"column":46}},"9":{"start":{"line":10,"column":21},"end":{"line":10,"column":57}},"10":{"start":{"line":13,"column":12},"end":{"line":13,"column":21}},"11":{"start":{"line":16,"column":0},"end":{"line":16,"column":12}},"12":{"start":{"line":19,"column":15},"end":{"line":19,"column":37}},"13":{"start":{"line":20,"column":11},"end":{"line":25,"column":2}},"14":{"start":{"line":28,"column":0},"end":{"line":28,"column":18}},"15":{"start":{"line":31,"column":0},"end":{"line":31,"column":18}},"16":{"start":{"line":32,"column":0},"end":{"line":32,"column":16}},"17":{"start":{"line":33,"column":0},"end":{"line":33,"column":24}},"18":{"start":{"line":34,"column":0},"end":{"line":34,"column":48}},"19":{"start":{"line":35,"column":0},"end":{"line":35,"column":23}},"20":{"start":{"line":38,"column":0},"end":{"line":40,"column":1}},"21":{"start":{"line":39,"column":4},"end":{"line":39,"column":27}},"22":{"start":{"line":43,"column":0},"end":{"line":43,"column":47}},"23":{"start":{"line":46,"column":0},"end":{"line":46,"column":47}},"24":{"start":{"line":47,"column":0},"end":{"line":47,"column":61}},"25":{"start":{"line":48,"column":0},"end":{"line":48,"column":73}},"26":{"start":{"line":49,"column":0},"end":{"line":49,"column":47}},"27":{"start":{"line":50,"column":0},"end":{"line":50,"column":51}},"28":{"start":{"line":51,"column":0},"end":{"line":51,"column":55}},"29":{"start":{"line":52,"column":0},"end":{"line":52,"column":55}},"30":{"start":{"line":53,"column":0},"end":{"line":53,"column":49}},"31":{"start":{"line":56,"column":0},"end":{"line":62,"column":3}},"32":{"start":{"line":57,"column":4},"end":{"line":61,"column":7}},"33":{"start":{"line":65,"column":0},"end":{"line":81,"column":3}},"34":{"start":{"line":66,"column":4},"end":{"line":80,"column":7}},"35":{"start":{"line":84,"column":0},"end":{"line":111,"column":3}},"36":{"start":{"line":85,"column":4},"end":{"line":85,"column":55}},"37":{"start":{"line":88,"column":4},"end":{"line":91,"column":7}},"38":{"start":{"line":89,"column":8},"end":{"line":89,"column":38}},"39":{"start":{"line":90,"column":8},"end":{"line":90,"column":59}},"40":{"start":{"line":94,"column":4},"end":{"line":97,"column":7}},"41":{"start":{"line":95,"column":8},"end":{"line":95,"column":40}},"42":{"start":{"line":96,"column":8},"end":{"line":96,"column":56}},"43":{"start":{"line":100,"column":4},"end":{"line":106,"column":7}},"44":{"start":{"line":102,"column":8},"end":{"line":105,"column":11}},"45":{"start":{"line":108,"column":4},"end":{"line":110,"column":7}},"46":{"start":{"line":109,"column":8},"end":{"line":109,"column":58}},"47":{"start":{"line":114,"column":0},"end":{"line":114,"column":22}},"48":{"start":{"line":117,"column":0},"end":{"line":122,"column":3}},"49":{"start":{"line":118,"column":4},"end":{"line":121,"column":7}},"50":{"start":{"line":125,"column":13},"end":{"line":125,"column":37}},"51":{"start":{"line":127,"column":0},"end":{"line":142,"column":1}},"52":{"start":{"line":128,"column":4},"end":{"line":141,"column":7}},"53":{"start":{"line":129,"column":8},"end":{"line":140,"column":7}},"54":{"start":{"line":144,"column":0},"end":{"line":144,"column":21}},"55":{"start":{"line":147,"column":0},"end":{"line":150,"column":3}},"56":{"start":{"line":148,"column":4},"end":{"line":148,"column":59}},"57":{"start":{"line":149,"column":4},"end":{"line":149,"column":40}},"58":{"start":{"line":149,"column":23},"end":{"line":149,"column":38}}},"fnMap":{"0":{"name":"(anonymous_0)","decl":{"start":{"line":56,"column":19},"end":{"line":56,"column":20}},"loc":{"start":{"line":56,"column":33},"end":{"line":62,"column":1}},"line":56},"1":{"name":"(anonymous_1)","decl":{"start":{"line":65,"column":13},"end":{"line":65,"column":14}},"loc":{"start":{"line":65,"column":27},"end":{"line":81,"column":1}},"line":65},"2":{"name":"(anonymous_2)","decl":{"start":{"line":84,"column":20},"end":{"line":84,"column":21}},"loc":{"start":{"line":84,"column":32},"end":{"line":111,"column":1}},"line":84},"3":{"name":"(anonymous_3)","decl":{"start":{"line":88,"column":22},"end":{"line":88,"column":23}},"loc":{"start":{"line":88,"column":34},"end":{"line":91,"column":5}},"line":88},"4":{"name":"(anonymous_4)","decl":{"start":{"line":94,"column":27},"end":{"line":94,"column":28}},"loc":{"start":{"line":94,"column":40},"end":{"line":97,"column":5}},"line":94},"5":{"name":"(anonymous_5)","decl":{"start":{"line":100,"column":32},"end":{"line":100,"column":33}},"loc":{"start":{"line":100,"column":42},"end":{"line":106,"column":5}},"line":100},"6":{"name":"(anonymous_6)","decl":{"start":{"line":108,"column":28},"end":{"line":108,"column":29}},"loc":{"start":{"line":108,"column":34},"end":{"line":110,"column":5}},"line":108},"7":{"name":"(anonymous_7)","decl":{"start":{"line":117,"column":8},"end":{"line":117,"column":9}},"loc":{"start":{"line":117,"column":22},"end":{"line":122,"column":1}},"line":117},"8":{"name":"(anonymous_8)","decl":{"start":{"line":128,"column":24},"end":{"line":128,"column":25}},"loc":{"start":{"line":128,"column":30},"end":{"line":141,"column":5}},"line":128},"9":{"name":"(anonymous_9)","decl":{"start":{"line":147,"column":33},"end":{"line":147,"column":34}},"loc":{"start":{"line":147,"column":42},"end":{"line":150,"column":1}},"line":147},"10":{"name":"(anonymous_10)","decl":{"start":{"line":149,"column":17},"end":{"line":149,"column":18}},"loc":{"start":{"line":149,"column":23},"end":{"line":149,"column":38}},"line":149}},"branchMap":{"0":{"loc":{"start":{"line":22,"column":16},"end":{"line":22,"column":47}},"type":"binary-expr","locations":[{"start":{"line":22,"column":16},"end":{"line":22,"column":40}},{"start":{"line":22,"column":44},"end":{"line":22,"column":47}}],"line":22},"1":{"loc":{"start":{"line":38,"column":0},"end":{"line":40,"column":1}},"type":"if","locations":[{"start":{"line":38,"column":0},"end":{"line":40,"column":1}},{"start":{},"end":{}}],"line":38},"2":{"loc":{"start":{"line":125,"column":13},"end":{"line":125,"column":37}},"type":"binary-expr","locations":[{"start":{"line":125,"column":13},"end":{"line":125,"column":29}},{"start":{"line":125,"column":33},"end":{"line":125,"column":37}}],"line":125},"3":{"loc":{"start":{"line":127,"column":0},"end":{"line":142,"column":1}},"type":"if","locations":[{"start":{"line":127,"column":0},"end":{"line":142,"column":1}},{"start":{},"end":{}}],"line":127},"4":{"loc":{"start":{"line":134,"column":27},"end":{"line":134,"column":64}},"type":"binary-expr","locations":[{"start":{"line":134,"column":27},"end":{"line":134,"column":47}},{"start":{"line":134,"column":51},"end":{"line":134,"column":64}}],"line":134}},"s":{"0":1,"1":1,"2":1,"3":1,"4":1,"5":1,"6":1,"7":1,"8":1,"9":1,"10":1,"11":1,"12":1,"13":1,"14":1,"15":1,"16":1,"17":1,"18":1,"19":1,"20":1,"21":0,"22":1,"23":1,"24":1,"25":1,"26":1,"27":1,"28":1,"29":1,"30":1,"31":1,"32":0,"33":1,"34":0,"35":1,"36":0,"37":0,"38":0,"39":0,"40":0,"41":0,"42":0,"43":0,"44":0,"45":0,"46":0,"47":1,"48":1,"49":0,"50":1,"51":1,"52":0,"53":0,"54":1,"55":1,"56":0,"57":0,"58":0},"f":{"0":0,"1":0,"2":0,"3":0,"4":0,"5":0,"6":0,"7":0,"8":0,"9":0,"10":0},"b":{"0":[1,0],"1":[0,1],"2":[1,0],"3":[0,1],"4":[0,0]},"_coverageSchema":"1a1c01bbd47fc00a2c39e90264f33305004495a9","hash":"a4853971b040f800b38db33cc37140076de373a4"},"C:\\Users\\Ammar\\Documents\\delivero\\backend\\config\\database.js":{"path":"C:\\Users\\Ammar\\Documents\\delivero\\backend\\config\\database.js","statementMap":{"0":{"start":{"line":1,"column":17},"end":{"line":1,"column":36}},"1":{"start":{"line":3,"column":18},"end":{"line":25,"column":1}},"2":{"start":{"line":4,"column":2},"end":{"line":24,"column":3}},"3":{"start":{"line":5,"column":17},"end":{"line":8,"column":6}},"4":{"start":{"line":10,"column":4},"end":{"line":10,"column":64}},"5":{"start":{"line":13,"column":4},"end":{"line":15,"column":7}},"6":{"start":{"line":14,"column":6},"end":{"line":14,"column":44}},"7":{"start":{"line":17,"column":4},"end":{"line":19,"column":7}},"8":{"start":{"line":18,"column":6},"end":{"line":18,"column":58}},"9":{"start":{"line":22,"column":4},"end":{"line":22,"column":69}},"10":{"start":{"line":23,"column":4},"end":{"line":23,"column":20}},"11":{"start":{"line":27,"column":0},"end":{"line":27,"column":27}}},"fnMap":{"0":{"name":"(anonymous_0)","decl":{"start":{"line":3,"column":18},"end":{"line":3,"column":19}},"loc":{"start":{"line":3,"column":30},"end":{"line":25,"column":1}},"line":3},"1":{"name":"(anonymous_1)","decl":{"start":{"line":13,"column":43},"end":{"line":13,"column":44}},"loc":{"start":{"line":13,"column":49},"end":{"line":15,"column":5}},"line":13},"2":{"name":"(anonymous_2)","decl":{"start":{"line":17,"column":36},"end":{"line":17,"column":37}},"loc":{"start":{"line":17,"column":45},"end":{"line":19,"column":5}},"line":17}},"branchMap":{},"s":{"0":1,"1":1,"2":1,"3":1,"4":1,"5":1,"6":1,"7":1,"8":0,"9":0,"10":0,"11":1},"f":{"0":1,"1":1,"2":0},"b":{},"_coverageSchema":"1a1c01bbd47fc00a2c39e90264f33305004495a9","hash":"bb3dd08991ded80294bb46d806df9f520207119f"},"C:\\Users\\Ammar\\Documents\\delivero\\backend\\middleware\\errorHandler.js":{"path":"C:\\Users\\Ammar\\Documents\\delivero\\backend\\middleware\\errorHandler.js","statementMap":{"0":{"start":{"line":1,"column":21},"end":{"line":43,"column":1}},"1":{"start":{"line":2,"column":16},"end":{"line":2,"column":26}},"2":{"start":{"line":3,"column":4},"end":{"line":3,"column":32}},"3":{"start":{"line":6,"column":4},"end":{"line":6,"column":33}},"4":{"start":{"line":9,"column":4},"end":{"line":12,"column":5}},"5":{"start":{"line":10,"column":24},"end":{"line":10,"column":44}},"6":{"start":{"line":11,"column":8},"end":{"line":11,"column":45}},"7":{"start":{"line":15,"column":4},"end":{"line":19,"column":5}},"8":{"start":{"line":16,"column":22},"end":{"line":16,"column":50}},"9":{"start":{"line":17,"column":24},"end":{"line":17,"column":90}},"10":{"start":{"line":18,"column":8},"end":{"line":18,"column":45}},"11":{"start":{"line":22,"column":4},"end":{"line":25,"column":5}},"12":{"start":{"line":23,"column":24},"end":{"line":23,"column":84}},"13":{"start":{"line":23,"column":61},"end":{"line":23,"column":72}},"14":{"start":{"line":24,"column":8},"end":{"line":24,"column":45}},"15":{"start":{"line":28,"column":4},"end":{"line":31,"column":5}},"16":{"start":{"line":29,"column":24},"end":{"line":29,"column":39}},"17":{"start":{"line":30,"column":8},"end":{"line":30,"column":45}},"18":{"start":{"line":33,"column":4},"end":{"line":36,"column":5}},"19":{"start":{"line":34,"column":24},"end":{"line":34,"column":39}},"20":{"start":{"line":35,"column":8},"end":{"line":35,"column":45}},"21":{"start":{"line":38,"column":4},"end":{"line":42,"column":7}},"22":{"start":{"line":45,"column":0},"end":{"line":45,"column":30}}},"fnMap":{"0":{"name":"(anonymous_0)","decl":{"start":{"line":1,"column":21},"end":{"line":1,"column":22}},"loc":{"start":{"line":1,"column":46},"end":{"line":43,"column":1}},"line":1},"1":{"name":"(anonymous_1)","decl":{"start":{"line":23,"column":54},"end":{"line":23,"column":55}},"loc":{"start":{"line":23,"column":61},"end":{"line":23,"column":72}},"line":23}},"branchMap":{"0":{"loc":{"start":{"line":9,"column":4},"end":{"line":12,"column":5}},"type":"if","locations":[{"start":{"line":9,"column":4},"end":{"line":12,"column":5}},{"start":{},"end":{}}],"line":9},"1":{"loc":{"start":{"line":15,"column":4},"end":{"line":19,"column":5}},"type":"if","locations":[{"start":{"line":15,"column":4},"end":{"line":19,"column":5}},{"start":{},"end":{}}],"line":15},"2":{"loc":{"start":{"line":22,"column":4},"end":{"line":25,"column":5}},"type":"if","locations":[{"start":{"line":22,"column":4},"end":{"line":25,"column":5}},{"start":{},"end":{}}],"line":22},"3":{"loc":{"start":{"line":28,"column":4},"end":{"line":31,"column":5}},"type":"if","locations":[{"start":{"line":28,"column":4},"end":{"line":31,"column":5}},{"start":{},"end":{}}],"line":28},"4":{"loc":{"start":{"line":33,"column":4},"end":{"line":36,"column":5}},"type":"if","locations":[{"start":{"line":33,"column":4},"end":{"line":36,"column":5}},{"start":{},"end":{}}],"line":33},"5":{"loc":{"start":{"line":38,"column":15},"end":{"line":38,"column":56}},"type":"binary-expr","locations":[{"start":{"line":38,"column":15},"end":{"line":38,"column":31}},{"start":{"line":38,"column":35},"end":{"line":38,"column":49}},{"start":{"line":38,"column":53},"end":{"line":38,"column":56}}],"line":38},"6":{"loc":{"start":{"line":40,"column":17},"end":{"line":40,"column":48}},"type":"binary-expr","locations":[{"start":{"line":40,"column":17},"end":{"line":40,"column":30}},{"start":{"line":40,"column":34},"end":{"line":40,"column":48}}],"line":40},"7":{"loc":{"start":{"line":41,"column":12},"end":{"line":41,"column":74}},"type":"binary-expr","locations":[{"start":{"line":41,"column":12},"end":{"line":41,"column":50}},{"start":{"line":41,"column":54},"end":{"line":41,"column":74}}],"line":41}},"s":{"0":1,"1":0,"2":0,"3":0,"4":0,"5":0,"6":0,"7":0,"8":0,"9":0,"10":0,"11":0,"12":0,"13":0,"14":0,"15":0,"16":0,"17":0,"18":0,"19":0,"20":0,"21":0,"22":1},"f":{"0":0,"1":0},"b":{"0":[0,0],"1":[0,0],"2":[0,0],"3":[0,0],"4":[0,0],"5":[0,0,0],"6":[0,0],"7":[0,0]},"_coverageSchema":"1a1c01bbd47fc00a2c39e90264f33305004495a9","hash":"8c26fd0e1249e5af7598ed28945bdbed7a65b407"},"C:\\Users\\Ammar\\Documents\\delivero\\backend\\routes\\auth.js":{"path":"C:\\Users\\Ammar\\Documents\\delivero\\backend\\routes\\auth.js","statementMap":{"0":{"start":{"line":1,"column":16},"end":{"line":1,"column":34}},"1":{"start":{"line":2,"column":17},"end":{"line":2,"column":45}},"2":{"start":{"line":3,"column":15},"end":{"line":3,"column":31}},"3":{"start":{"line":12,"column":4},"end":{"line":12,"column":44}},"4":{"start":{"line":13,"column":20},"end":{"line":13,"column":49}},"5":{"start":{"line":16,"column":0},"end":{"line":26,"column":2}},"6":{"start":{"line":28,"column":0},"end":{"line":28,"column":29}},"7":{"start":{"line":31,"column":0},"end":{"line":31,"column":34}},"8":{"start":{"line":32,"column":0},"end":{"line":32,"column":53}},"9":{"start":{"line":33,"column":0},"end":{"line":33,"column":55}},"10":{"start":{"line":34,"column":0},"end":{"line":34,"column":50}},"11":{"start":{"line":35,"column":0},"end":{"line":35,"column":40}},"12":{"start":{"line":37,"column":0},"end":{"line":37,"column":24}}},"fnMap":{},"branchMap":{},"s":{"0":1,"1":1,"2":1,"3":1,"4":1,"5":1,"6":1,"7":1,"8":1,"9":1,"10":1,"11":1,"12":1},"f":{},"b":{},"_coverageSchema":"1a1c01bbd47fc00a2c39e90264f33305004495a9","hash":"25308f39276cce4524c9cb7ff4027d219631204a"},"C:\\Users\\Ammar\\Documents\\delivero\\backend\\controllers\\AuthController.js":{"path":"C:\\Users\\Ammar\\Documents\\delivero\\backend\\controllers\\AuthController.js","statementMap":{"0":{"start":{"line":1,"column":13},"end":{"line":1,"column":38}},"1":{"start":{"line":2,"column":29},"end":{"line":2,"column":57}},"2":{"start":{"line":7,"column":0},"end":{"line":63,"column":2}},"3":{"start":{"line":8,"column":4},"end":{"line":62,"column":5}},"4":{"start":{"line":9,"column":23},"end":{"line":9,"column":44}},"5":{"start":{"line":10,"column":8},"end":{"line":15,"column":9}},"6":{"start":{"line":11,"column":12},"end":{"line":14,"column":15}},"7":{"start":{"line":17,"column":55},"end":{"line":17,"column":63}},"8":{"start":{"line":20,"column":29},"end":{"line":20,"column":80}},"9":{"start":{"line":21,"column":8},"end":{"line":26,"column":9}},"10":{"start":{"line":22,"column":12},"end":{"line":25,"column":15}},"11":{"start":{"line":29,"column":21},"end":{"line":35,"column":10}},"12":{"start":{"line":38,"column":22},"end":{"line":38,"column":46}},"13":{"start":{"line":40,"column":8},"end":{"line":54,"column":11}},"14":{"start":{"line":56,"column":8},"end":{"line":56,"column":48}},"15":{"start":{"line":57,"column":8},"end":{"line":61,"column":11}},"16":{"start":{"line":68,"column":0},"end":{"line":130,"column":2}},"17":{"start":{"line":69,"column":4},"end":{"line":129,"column":5}},"18":{"start":{"line":70,"column":36},"end":{"line":70,"column":44}},"19":{"start":{"line":73,"column":8},"end":{"line":78,"column":9}},"20":{"start":{"line":74,"column":12},"end":{"line":77,"column":15}},"21":{"start":{"line":81,"column":21},"end":{"line":81,"column":70}},"22":{"start":{"line":83,"column":8},"end":{"line":88,"column":9}},"23":{"start":{"line":84,"column":12},"end":{"line":87,"column":15}},"24":{"start":{"line":91,"column":24},"end":{"line":91,"column":60}},"25":{"start":{"line":93,"column":8},"end":{"line":98,"column":9}},"26":{"start":{"line":94,"column":12},"end":{"line":97,"column":15}},"27":{"start":{"line":101,"column":8},"end":{"line":106,"column":9}},"28":{"start":{"line":102,"column":12},"end":{"line":105,"column":15}},"29":{"start":{"line":109,"column":22},"end":{"line":109,"column":46}},"30":{"start":{"line":111,"column":8},"end":{"line":126,"column":11}},"31":{"start":{"line":128,"column":8},"end":{"line":128,"column":20}},"32":{"start":{"line":135,"column":0},"end":{"line":147,"column":2}},"33":{"start":{"line":136,"column":4},"end":{"line":146,"column":5}},"34":{"start":{"line":137,"column":21},"end":{"line":138,"column":42}},"35":{"start":{"line":140,"column":8},"end":{"line":143,"column":11}},"36":{"start":{"line":145,"column":8},"end":{"line":145,"column":20}},"37":{"start":{"line":152,"column":0},"end":{"line":177,"column":2}},"38":{"start":{"line":153,"column":4},"end":{"line":176,"column":5}},"39":{"start":{"line":154,"column":31},"end":{"line":158,"column":9}},"40":{"start":{"line":160,"column":21},"end":{"line":167,"column":9}},"41":{"start":{"line":169,"column":8},"end":{"line":173,"column":11}},"42":{"start":{"line":175,"column":8},"end":{"line":175,"column":20}},"43":{"start":{"line":182,"column":0},"end":{"line":207,"column":2}},"44":{"start":{"line":183,"column":4},"end":{"line":206,"column":5}},"45":{"start":{"line":184,"column":21},"end":{"line":184,"column":73}},"46":{"start":{"line":187,"column":8},"end":{"line":192,"column":9}},"47":{"start":{"line":188,"column":12},"end":{"line":191,"column":15}},"48":{"start":{"line":194,"column":8},"end":{"line":194,"column":45}},"49":{"start":{"line":195,"column":8},"end":{"line":195,"column":26}},"50":{"start":{"line":197,"column":22},"end":{"line":197,"column":46}},"51":{"start":{"line":199,"column":8},"end":{"line":203,"column":11}},"52":{"start":{"line":205,"column":8},"end":{"line":205,"column":20}},"53":{"start":{"line":212,"column":0},"end":{"line":225,"column":2}},"54":{"start":{"line":213,"column":4},"end":{"line":224,"column":5}},"55":{"start":{"line":214,"column":29},"end":{"line":214,"column":37}},"56":{"start":{"line":216,"column":8},"end":{"line":216,"column":64}},"57":{"start":{"line":218,"column":8},"end":{"line":221,"column":11}},"58":{"start":{"line":223,"column":8},"end":{"line":223,"column":20}},"59":{"start":{"line":230,"column":0},"end":{"line":242,"column":2}},"60":{"start":{"line":231,"column":4},"end":{"line":241,"column":5}},"61":{"start":{"line":233,"column":8},"end":{"line":233,"column":70}},"62":{"start":{"line":235,"column":8},"end":{"line":238,"column":11}},"63":{"start":{"line":240,"column":8},"end":{"line":240,"column":20}}},"fnMap":{"0":{"name":"(anonymous_0)","decl":{"start":{"line":7,"column":19},"end":{"line":7,"column":20}},"loc":{"start":{"line":7,"column":45},"end":{"line":63,"column":1}},"line":7},"1":{"name":"(anonymous_1)","decl":{"start":{"line":68,"column":16},"end":{"line":68,"column":17}},"loc":{"start":{"line":68,"column":42},"end":{"line":130,"column":1}},"line":68},"2":{"name":"(anonymous_2)","decl":{"start":{"line":135,"column":16},"end":{"line":135,"column":17}},"loc":{"start":{"line":135,"column":42},"end":{"line":147,"column":1}},"line":135},"3":{"name":"(anonymous_3)","decl":{"start":{"line":152,"column":24},"end":{"line":152,"column":25}},"loc":{"start":{"line":152,"column":50},"end":{"line":177,"column":1}},"line":152},"4":{"name":"(anonymous_4)","decl":{"start":{"line":182,"column":25},"end":{"line":182,"column":26}},"loc":{"start":{"line":182,"column":51},"end":{"line":207,"column":1}},"line":182},"5":{"name":"(anonymous_5)","decl":{"start":{"line":212,"column":25},"end":{"line":212,"column":26}},"loc":{"start":{"line":212,"column":51},"end":{"line":225,"column":1}},"line":212},"6":{"name":"(anonymous_6)","decl":{"start":{"line":230,"column":17},"end":{"line":230,"column":18}},"loc":{"start":{"line":230,"column":43},"end":{"line":242,"column":1}},"line":230}},"branchMap":{"0":{"loc":{"start":{"line":10,"column":8},"end":{"line":15,"column":9}},"type":"if","locations":[{"start":{"line":10,"column":8},"end":{"line":15,"column":9}},{"start":{},"end":{}}],"line":10},"1":{"loc":{"start":{"line":21,"column":8},"end":{"line":26,"column":9}},"type":"if","locations":[{"start":{"line":21,"column":8},"end":{"line":26,"column":9}},{"start":{},"end":{}}],"line":21},"2":{"loc":{"start":{"line":34,"column":18},"end":{"line":34,"column":36}},"type":"binary-expr","locations":[{"start":{"line":34,"column":18},"end":{"line":34,"column":22}},{"start":{"line":34,"column":26},"end":{"line":34,"column":36}}],"line":34},"3":{"loc":{"start":{"line":60,"column":19},"end":{"line":60,"column":83}},"type":"cond-expr","locations":[{"start":{"line":60,"column":60},"end":{"line":60,"column":71}},{"start":{"line":60,"column":74},"end":{"line":60,"column":83}}],"line":60},"4":{"loc":{"start":{"line":73,"column":8},"end":{"line":78,"column":9}},"type":"if","locations":[{"start":{"line":73,"column":8},"end":{"line":78,"column":9}},{"start":{},"end":{}}],"line":73},"5":{"loc":{"start":{"line":73,"column":12},"end":{"line":73,"column":31}},"type":"binary-expr","locations":[{"start":{"line":73,"column":12},"end":{"line":73,"column":18}},{"start":{"line":73,"column":22},"end":{"line":73,"column":31}}],"line":73},"6":{"loc":{"start":{"line":83,"column":8},"end":{"line":88,"column":9}},"type":"if","locations":[{"start":{"line":83,"column":8},"end":{"line":88,"column":9}},{"start":{},"end":{}}],"line":83},"7":{"loc":{"start":{"line":93,"column":8},"end":{"line":98,"column":9}},"type":"if","locations":[{"start":{"line":93,"column":8},"end":{"line":98,"column":9}},{"start":{},"end":{}}],"line":93},"8":{"loc":{"start":{"line":101,"column":8},"end":{"line":106,"column":9}},"type":"if","locations":[{"start":{"line":101,"column":8},"end":{"line":106,"column":9}},{"start":{},"end":{}}],"line":101},"9":{"loc":{"start":{"line":187,"column":8},"end":{"line":192,"column":9}},"type":"if","locations":[{"start":{"line":187,"column":8},"end":{"line":192,"column":9}},{"start":{},"end":{}}],"line":187}},"s":{"0":1,"1":1,"2":1,"3":3,"4":3,"5":3,"6":0,"7":3,"8":3,"9":3,"10":1,"11":2,"12":2,"13":2,"14":0,"15":0,"16":1,"17":2,"18":2,"19":2,"20":0,"21":2,"22":2,"23":0,"24":2,"25":2,"26":1,"27":1,"28":0,"29":1,"30":1,"31":0,"32":1,"33":1,"34":1,"35":1,"36":0,"37":1,"38":0,"39":0,"40":0,"41":0,"42":0,"43":1,"44":0,"45":0,"46":0,"47":0,"48":0,"49":0,"50":0,"51":0,"52":0,"53":1,"54":0,"55":0,"56":0,"57":0,"58":0,"59":1,"60":0,"61":0,"62":0,"63":0},"f":{"0":3,"1":2,"2":1,"3":0,"4":0,"5":0,"6":0},"b":{"0":[0,3],"1":[1,2],"2":[2,0],"3":[0,0],"4":[0,2],"5":[2,2],"6":[0,2],"7":[1,1],"8":[0,1],"9":[0,0]},"_coverageSchema":"1a1c01bbd47fc00a2c39e90264f33305004495a9","hash":"577a759569f8dad57402a7019d43ff38415bf9fe"},"C:\\Users\\Ammar\\Documents\\delivero\\backend\\models\\User.js":{"path":"C:\\Users\\Ammar\\Documents\\delivero\\backend\\models\\User.js","statementMap":{"0":{"start":{"line":1,"column":17},"end":{"line":1,"column":36}},"1":{"start":{"line":2,"column":15},"end":{"line":2,"column":34}},"2":{"start":{"line":4,"column":19},"end":{"line":97,"column":2}},"3":{"start":{"line":100,"column":0},"end":{"line":100,"column":55}},"4":{"start":{"line":102,"column":0},"end":{"line":102,"column":84}},"5":{"start":{"line":105,"column":0},"end":{"line":122,"column":3}},"6":{"start":{"line":106,"column":4},"end":{"line":108,"column":5}},"7":{"start":{"line":107,"column":8},"end":{"line":107,"column":22}},"8":{"start":{"line":111,"column":4},"end":{"line":117,"column":5}},"9":{"start":{"line":112,"column":8},"end":{"line":116,"column":10}},"10":{"start":{"line":119,"column":17},"end":{"line":119,"column":41}},"11":{"start":{"line":120,"column":4},"end":{"line":120,"column":59}},"12":{"start":{"line":121,"column":4},"end":{"line":121,"column":11}},"13":{"start":{"line":125,"column":0},"end":{"line":127,"column":2}},"14":{"start":{"line":126,"column":4},"end":{"line":126,"column":66}},"15":{"start":{"line":130,"column":0},"end":{"line":137,"column":2}},"16":{"start":{"line":131,"column":16},"end":{"line":131,"column":39}},"17":{"start":{"line":132,"column":4},"end":{"line":136,"column":6}},"18":{"start":{"line":139,"column":0},"end":{"line":139,"column":52}}},"fnMap":{"0":{"name":"(anonymous_0)","decl":{"start":{"line":105,"column":23},"end":{"line":105,"column":24}},"loc":{"start":{"line":105,"column":45},"end":{"line":122,"column":1}},"line":105},"1":{"name":"(anonymous_1)","decl":{"start":{"line":125,"column":37},"end":{"line":125,"column":38}},"loc":{"start":{"line":125,"column":72},"end":{"line":127,"column":1}},"line":125},"2":{"name":"(anonymous_2)","decl":{"start":{"line":130,"column":39},"end":{"line":130,"column":40}},"loc":{"start":{"line":130,"column":51},"end":{"line":137,"column":1}},"line":130}},"branchMap":{"0":{"loc":{"start":{"line":106,"column":4},"end":{"line":108,"column":5}},"type":"if","locations":[{"start":{"line":106,"column":4},"end":{"line":108,"column":5}},{"start":{},"end":{}}],"line":106},"1":{"loc":{"start":{"line":111,"column":4},"end":{"line":117,"column":5}},"type":"if","locations":[{"start":{"line":111,"column":4},"end":{"line":117,"column":5}},{"start":{},"end":{}}],"line":111},"2":{"loc":{"start":{"line":111,"column":8},"end":{"line":111,"column":53}},"type":"binary-expr","locations":[{"start":{"line":111,"column":8},"end":{"line":111,"column":30}},{"start":{"line":111,"column":34},"end":{"line":111,"column":53}}],"line":111}},"s":{"0":1,"1":1,"2":1,"3":1,"4":1,"5":1,"6":2,"7":0,"8":2,"9":0,"10":2,"11":2,"12":2,"13":1,"14":2,"15":1,"16":3,"17":3,"18":1},"f":{"0":2,"1":2,"2":3},"b":{"0":[0,2],"1":[0,2],"2":[2,0]},"_coverageSchema":"1a1c01bbd47fc00a2c39e90264f33305004495a9","hash":"8148482026980b4266bedeff18672785ae283b48"},"C:\\Users\\Ammar\\Documents\\delivero\\backend\\middleware\\auth.js":{"path":"C:\\Users\\Ammar\\Documents\\delivero\\backend\\middleware\\auth.js","statementMap":{"0":{"start":{"line":1,"column":12},"end":{"line":1,"column":35}},"1":{"start":{"line":2,"column":13},"end":{"line":2,"column":38}},"2":{"start":{"line":5,"column":0},"end":{"line":53,"column":2}},"3":{"start":{"line":6,"column":4},"end":{"line":52,"column":5}},"4":{"start":{"line":10,"column":8},"end":{"line":12,"column":9}},"5":{"start":{"line":11,"column":12},"end":{"line":11,"column":60}},"6":{"start":{"line":15,"column":8},"end":{"line":20,"column":9}},"7":{"start":{"line":16,"column":12},"end":{"line":19,"column":15}},"8":{"start":{"line":22,"column":8},"end":{"line":49,"column":9}},"9":{"start":{"line":24,"column":28},"end":{"line":24,"column":69}},"10":{"start":{"line":27,"column":12},"end":{"line":27,"column":75}},"11":{"start":{"line":29,"column":12},"end":{"line":34,"column":13}},"12":{"start":{"line":30,"column":16},"end":{"line":33,"column":19}},"13":{"start":{"line":36,"column":12},"end":{"line":41,"column":13}},"14":{"start":{"line":37,"column":16},"end":{"line":40,"column":19}},"15":{"start":{"line":43,"column":12},"end":{"line":43,"column":19}},"16":{"start":{"line":45,"column":12},"end":{"line":48,"column":15}},"17":{"start":{"line":51,"column":8},"end":{"line":51,"column":20}},"18":{"start":{"line":56,"column":0},"end":{"line":66,"column":2}},"19":{"start":{"line":57,"column":4},"end":{"line":65,"column":6}},"20":{"start":{"line":58,"column":8},"end":{"line":63,"column":9}},"21":{"start":{"line":59,"column":12},"end":{"line":62,"column":15}},"22":{"start":{"line":64,"column":8},"end":{"line":64,"column":15}},"23":{"start":{"line":69,"column":0},"end":{"line":90,"column":2}},"24":{"start":{"line":70,"column":4},"end":{"line":89,"column":5}},"25":{"start":{"line":73,"column":8},"end":{"line":75,"column":9}},"26":{"start":{"line":74,"column":12},"end":{"line":74,"column":60}},"27":{"start":{"line":77,"column":8},"end":{"line":84,"column":9}},"28":{"start":{"line":78,"column":12},"end":{"line":83,"column":13}},"29":{"start":{"line":79,"column":32},"end":{"line":79,"column":73}},"30":{"start":{"line":80,"column":16},"end":{"line":80,"column":79}},"31":{"start":{"line":86,"column":8},"end":{"line":86,"column":15}},"32":{"start":{"line":88,"column":8},"end":{"line":88,"column":20}}},"fnMap":{"0":{"name":"(anonymous_0)","decl":{"start":{"line":5,"column":18},"end":{"line":5,"column":19}},"loc":{"start":{"line":5,"column":44},"end":{"line":53,"column":1}},"line":5},"1":{"name":"(anonymous_1)","decl":{"start":{"line":56,"column":20},"end":{"line":56,"column":21}},"loc":{"start":{"line":56,"column":34},"end":{"line":66,"column":1}},"line":56},"2":{"name":"(anonymous_2)","decl":{"start":{"line":57,"column":11},"end":{"line":57,"column":12}},"loc":{"start":{"line":57,"column":31},"end":{"line":65,"column":5}},"line":57},"3":{"name":"(anonymous_3)","decl":{"start":{"line":69,"column":23},"end":{"line":69,"column":24}},"loc":{"start":{"line":69,"column":49},"end":{"line":90,"column":1}},"line":69}},"branchMap":{"0":{"loc":{"start":{"line":10,"column":8},"end":{"line":12,"column":9}},"type":"if","locations":[{"start":{"line":10,"column":8},"end":{"line":12,"column":9}},{"start":{},"end":{}}],"line":10},"1":{"loc":{"start":{"line":10,"column":12},"end":{"line":10,"column":87}},"type":"binary-expr","locations":[{"start":{"line":10,"column":12},"end":{"line":10,"column":37}},{"start":{"line":10,"column":41},"end":{"line":10,"column":87}}],"line":10},"2":{"loc":{"start":{"line":15,"column":8},"end":{"line":20,"column":9}},"type":"if","locations":[{"start":{"line":15,"column":8},"end":{"line":20,"column":9}},{"start":{},"end":{}}],"line":15},"3":{"loc":{"start":{"line":29,"column":12},"end":{"line":34,"column":13}},"type":"if","locations":[{"start":{"line":29,"column":12},"end":{"line":34,"column":13}},{"start":{},"end":{}}],"line":29},"4":{"loc":{"start":{"line":36,"column":12},"end":{"line":41,"column":13}},"type":"if","locations":[{"start":{"line":36,"column":12},"end":{"line":41,"column":13}},{"start":{},"end":{}}],"line":36},"5":{"loc":{"start":{"line":58,"column":8},"end":{"line":63,"column":9}},"type":"if","locations":[{"start":{"line":58,"column":8},"end":{"line":63,"column":9}},{"start":{},"end":{}}],"line":58},"6":{"loc":{"start":{"line":73,"column":8},"end":{"line":75,"column":9}},"type":"if","locations":[{"start":{"line":73,"column":8},"end":{"line":75,"column":9}},{"start":{},"end":{}}],"line":73},"7":{"loc":{"start":{"line":73,"column":12},"end":{"line":73,"column":87}},"type":"binary-expr","locations":[{"start":{"line":73,"column":12},"end":{"line":73,"column":37}},{"start":{"line":73,"column":41},"end":{"line":73,"column":87}}],"line":73},"8":{"loc":{"start":{"line":77,"column":8},"end":{"line":84,"column":9}},"type":"if","locations":[{"start":{"line":77,"column":8},"end":{"line":84,"column":9}},{"start":{},"end":{}}],"line":77}},"s":{"0":1,"1":1,"2":1,"3":2,"4":2,"5":1,"6":2,"7":1,"8":1,"9":1,"10":1,"11":1,"12":0,"13":1,"14":0,"15":1,"16":0,"17":0,"18":1,"19":14,"20":0,"21":0,"22":0,"23":1,"24":0,"25":0,"26":0,"27":0,"28":0,"29":0,"30":0,"31":0,"32":0},"f":{"0":2,"1":14,"2":0,"3":0},"b":{"0":[1,1],"1":[2,1],"2":[1,1],"3":[0,1],"4":[0,1],"5":[0,0],"6":[0,0],"7":[0,0],"8":[0,0]},"_coverageSchema":"1a1c01bbd47fc00a2c39e90264f33305004495a9","hash":"7977ccba6765e523de85fdf47a10c3e63d4300ce"},"C:\\Users\\Ammar\\Documents\\delivero\\backend\\routes\\restaurants.js":{"path":"C:\\Users\\Ammar\\Documents\\delivero\\backend\\routes\\restaurants.js","statementMap":{"0":{"start":{"line":1,"column":16},"end":{"line":1,"column":34}},"1":{"start":{"line":2,"column":15},"end":{"line":2,"column":31}},"2":{"start":{"line":10,"column":4},"end":{"line":10,"column":50}},"3":{"start":{"line":11,"column":45},"end":{"line":11,"column":74}},"4":{"start":{"line":14,"column":0},"end":{"line":14,"column":46}},"5":{"start":{"line":15,"column":0},"end":{"line":15,"column":34}},"6":{"start":{"line":18,"column":0},"end":{"line":18,"column":69}},"7":{"start":{"line":19,"column":0},"end":{"line":19,"column":80}},"8":{"start":{"line":20,"column":0},"end":{"line":20,"column":83}},"9":{"start":{"line":21,"column":0},"end":{"line":21,"column":81}},"10":{"start":{"line":23,"column":0},"end":{"line":23,"column":24}}},"fnMap":{},"branchMap":{},"s":{"0":1,"1":1,"2":1,"3":1,"4":1,"5":1,"6":1,"7":1,"8":1,"9":1,"10":1},"f":{},"b":{},"_coverageSchema":"1a1c01bbd47fc00a2c39e90264f33305004495a9","hash":"bda0118128ee313d366bdc681990a5152433e9e2"},"C:\\Users\\Ammar\\Documents\\delivero\\backend\\controllers\\RestaurantController.js":{"path":"C:\\Users\\Ammar\\Documents\\delivero\\backend\\controllers\\RestaurantController.js","statementMap":{"0":{"start":{"line":1,"column":19},"end":{"line":1,"column":50}},"1":{"start":{"line":2,"column":17},"end":{"line":2,"column":46}},"2":{"start":{"line":7,"column":0},"end":{"line":77,"column":2}},"3":{"start":{"line":8,"column":4},"end":{"line":76,"column":5}},"4":{"start":{"line":19,"column":12},"end":{"line":19,"column":21}},"5":{"start":{"line":22,"column":22},"end":{"line":22,"column":40}},"6":{"start":{"line":25,"column":8},"end":{"line":27,"column":9}},"7":{"start":{"line":26,"column":12},"end":{"line":26,"column":56}},"8":{"start":{"line":30,"column":8},"end":{"line":32,"column":9}},"9":{"start":{"line":31,"column":12},"end":{"line":31,"column":62}},"10":{"start":{"line":35,"column":8},"end":{"line":40,"column":9}},"11":{"start":{"line":36,"column":12},"end":{"line":39,"column":14}},"12":{"start":{"line":43,"column":8},"end":{"line":53,"column":9}},"13":{"start":{"line":44,"column":12},"end":{"line":52,"column":14}},"14":{"start":{"line":56,"column":21},"end":{"line":56,"column":59}},"15":{"start":{"line":58,"column":28},"end":{"line":62,"column":40}},"16":{"start":{"line":64,"column":22},"end":{"line":64,"column":60}},"17":{"start":{"line":66,"column":8},"end":{"line":73,"column":11}},"18":{"start":{"line":75,"column":8},"end":{"line":75,"column":20}},"19":{"start":{"line":82,"column":0},"end":{"line":102,"column":2}},"20":{"start":{"line":83,"column":4},"end":{"line":101,"column":5}},"21":{"start":{"line":84,"column":27},"end":{"line":86,"column":34}},"22":{"start":{"line":88,"column":8},"end":{"line":93,"column":9}},"23":{"start":{"line":89,"column":12},"end":{"line":92,"column":15}},"24":{"start":{"line":95,"column":8},"end":{"line":98,"column":11}},"25":{"start":{"line":100,"column":8},"end":{"line":100,"column":20}},"26":{"start":{"line":107,"column":0},"end":{"line":136,"column":2}},"27":{"start":{"line":108,"column":4},"end":{"line":135,"column":5}},"28":{"start":{"line":110,"column":8},"end":{"line":110,"column":37}},"29":{"start":{"line":113,"column":35},"end":{"line":113,"column":83}},"30":{"start":{"line":114,"column":8},"end":{"line":119,"column":9}},"31":{"start":{"line":115,"column":12},"end":{"line":118,"column":15}},"32":{"start":{"line":121,"column":27},"end":{"line":121,"column":60}},"33":{"start":{"line":124,"column":8},"end":{"line":126,"column":11}},"34":{"start":{"line":128,"column":8},"end":{"line":132,"column":11}},"35":{"start":{"line":134,"column":8},"end":{"line":134,"column":20}},"36":{"start":{"line":141,"column":0},"end":{"line":184,"column":2}},"37":{"start":{"line":142,"column":4},"end":{"line":183,"column":5}},"38":{"start":{"line":143,"column":25},"end":{"line":143,"column":65}},"39":{"start":{"line":145,"column":8},"end":{"line":150,"column":9}},"40":{"start":{"line":146,"column":12},"end":{"line":149,"column":15}},"41":{"start":{"line":153,"column":8},"end":{"line":158,"column":9}},"42":{"start":{"line":154,"column":12},"end":{"line":157,"column":15}},"43":{"start":{"line":161,"column":8},"end":{"line":165,"column":9}},"44":{"start":{"line":162,"column":12},"end":{"line":162,"column":37}},"45":{"start":{"line":163,"column":12},"end":{"line":163,"column":39}},"46":{"start":{"line":164,"column":12},"end":{"line":164,"column":43}},"47":{"start":{"line":167,"column":8},"end":{"line":174,"column":10}},"48":{"start":{"line":176,"column":8},"end":{"line":180,"column":11}},"49":{"start":{"line":182,"column":8},"end":{"line":182,"column":20}},"50":{"start":{"line":189,"column":0},"end":{"line":220,"column":2}},"51":{"start":{"line":190,"column":4},"end":{"line":219,"column":5}},"52":{"start":{"line":191,"column":27},"end":{"line":191,"column":67}},"53":{"start":{"line":193,"column":8},"end":{"line":198,"column":9}},"54":{"start":{"line":194,"column":12},"end":{"line":197,"column":15}},"55":{"start":{"line":201,"column":8},"end":{"line":206,"column":9}},"56":{"start":{"line":202,"column":12},"end":{"line":205,"column":15}},"57":{"start":{"line":208,"column":8},"end":{"line":208,"column":37}},"58":{"start":{"line":211,"column":8},"end":{"line":211,"column":65}},"59":{"start":{"line":213,"column":8},"end":{"line":216,"column":11}},"60":{"start":{"line":218,"column":8},"end":{"line":218,"column":20}},"61":{"start":{"line":225,"column":0},"end":{"line":255,"column":2}},"62":{"start":{"line":226,"column":4},"end":{"line":254,"column":5}},"63":{"start":{"line":227,"column":27},"end":{"line":227,"column":67}},"64":{"start":{"line":229,"column":8},"end":{"line":234,"column":9}},"65":{"start":{"line":230,"column":12},"end":{"line":233,"column":15}},"66":{"start":{"line":237,"column":8},"end":{"line":242,"column":9}},"67":{"start":{"line":238,"column":12},"end":{"line":241,"column":15}},"68":{"start":{"line":244,"column":8},"end":{"line":244,"column":47}},"69":{"start":{"line":245,"column":8},"end":{"line":245,"column":32}},"70":{"start":{"line":247,"column":8},"end":{"line":251,"column":11}},"71":{"start":{"line":253,"column":8},"end":{"line":253,"column":20}}},"fnMap":{"0":{"name":"(anonymous_0)","decl":{"start":{"line":7,"column":25},"end":{"line":7,"column":26}},"loc":{"start":{"line":7,"column":51},"end":{"line":77,"column":1}},"line":7},"1":{"name":"(anonymous_1)","decl":{"start":{"line":82,"column":24},"end":{"line":82,"column":25}},"loc":{"start":{"line":82,"column":50},"end":{"line":102,"column":1}},"line":82},"2":{"name":"(anonymous_2)","decl":{"start":{"line":107,"column":27},"end":{"line":107,"column":28}},"loc":{"start":{"line":107,"column":53},"end":{"line":136,"column":1}},"line":107},"3":{"name":"(anonymous_3)","decl":{"start":{"line":141,"column":27},"end":{"line":141,"column":28}},"loc":{"start":{"line":141,"column":53},"end":{"line":184,"column":1}},"line":141},"4":{"name":"(anonymous_4)","decl":{"start":{"line":189,"column":27},"end":{"line":189,"column":28}},"loc":{"start":{"line":189,"column":53},"end":{"line":220,"column":1}},"line":189},"5":{"name":"(anonymous_5)","decl":{"start":{"line":225,"column":23},"end":{"line":225,"column":24}},"loc":{"start":{"line":225,"column":49},"end":{"line":255,"column":1}},"line":225}},"branchMap":{"0":{"loc":{"start":{"line":15,"column":12},"end":{"line":15,"column":23}},"type":"default-arg","locations":[{"start":{"line":15,"column":21},"end":{"line":15,"column":23}}],"line":15},"1":{"loc":{"start":{"line":16,"column":12},"end":{"line":16,"column":28}},"type":"default-arg","locations":[{"start":{"line":16,"column":19},"end":{"line":16,"column":28}}],"line":16},"2":{"loc":{"start":{"line":17,"column":12},"end":{"line":17,"column":20}},"type":"default-arg","locations":[{"start":{"line":17,"column":19},"end":{"line":17,"column":20}}],"line":17},"3":{"loc":{"start":{"line":18,"column":12},"end":{"line":18,"column":22}},"type":"default-arg","locations":[{"start":{"line":18,"column":20},"end":{"line":18,"column":22}}],"line":18},"4":{"loc":{"start":{"line":25,"column":8},"end":{"line":27,"column":9}},"type":"if","locations":[{"start":{"line":25,"column":8},"end":{"line":27,"column":9}},{"start":{},"end":{}}],"line":25},"5":{"loc":{"start":{"line":30,"column":8},"end":{"line":32,"column":9}},"type":"if","locations":[{"start":{"line":30,"column":8},"end":{"line":32,"column":9}},{"start":{},"end":{}}],"line":30},"6":{"loc":{"start":{"line":35,"column":8},"end":{"line":40,"column":9}},"type":"if","locations":[{"start":{"line":35,"column":8},"end":{"line":40,"column":9}},{"start":{},"end":{}}],"line":35},"7":{"loc":{"start":{"line":43,"column":8},"end":{"line":53,"column":9}},"type":"if","locations":[{"start":{"line":43,"column":8},"end":{"line":53,"column":9}},{"start":{},"end":{}}],"line":43},"8":{"loc":{"start":{"line":43,"column":12},"end":{"line":43,"column":22}},"type":"binary-expr","locations":[{"start":{"line":43,"column":12},"end":{"line":43,"column":15}},{"start":{"line":43,"column":19},"end":{"line":43,"column":22}}],"line":43},"9":{"loc":{"start":{"line":88,"column":8},"end":{"line":93,"column":9}},"type":"if","locations":[{"start":{"line":88,"column":8},"end":{"line":93,"column":9}},{"start":{},"end":{}}],"line":88},"10":{"loc":{"start":{"line":114,"column":8},"end":{"line":119,"column":9}},"type":"if","locations":[{"start":{"line":114,"column":8},"end":{"line":119,"column":9}},{"start":{},"end":{}}],"line":114},"11":{"loc":{"start":{"line":145,"column":8},"end":{"line":150,"column":9}},"type":"if","locations":[{"start":{"line":145,"column":8},"end":{"line":150,"column":9}},{"start":{},"end":{}}],"line":145},"12":{"loc":{"start":{"line":153,"column":8},"end":{"line":158,"column":9}},"type":"if","locations":[{"start":{"line":153,"column":8},"end":{"line":158,"column":9}},{"start":{},"end":{}}],"line":153},"13":{"loc":{"start":{"line":153,"column":12},"end":{"line":153,"column":84}},"type":"binary-expr","locations":[{"start":{"line":153,"column":12},"end":{"line":153,"column":55}},{"start":{"line":153,"column":59},"end":{"line":153,"column":84}}],"line":153},"14":{"loc":{"start":{"line":161,"column":8},"end":{"line":165,"column":9}},"type":"if","locations":[{"start":{"line":161,"column":8},"end":{"line":165,"column":9}},{"start":{},"end":{}}],"line":161},"15":{"loc":{"start":{"line":193,"column":8},"end":{"line":198,"column":9}},"type":"if","locations":[{"start":{"line":193,"column":8},"end":{"line":198,"column":9}},{"start":{},"end":{}}],"line":193},"16":{"loc":{"start":{"line":201,"column":8},"end":{"line":206,"column":9}},"type":"if","locations":[{"start":{"line":201,"column":8},"end":{"line":206,"column":9}},{"start":{},"end":{}}],"line":201},"17":{"loc":{"start":{"line":201,"column":12},"end":{"line":201,"column":84}},"type":"binary-expr","locations":[{"start":{"line":201,"column":12},"end":{"line":201,"column":55}},{"start":{"line":201,"column":59},"end":{"line":201,"column":84}}],"line":201},"18":{"loc":{"start":{"line":229,"column":8},"end":{"line":234,"column":9}},"type":"if","locations":[{"start":{"line":229,"column":8},"end":{"line":234,"column":9}},{"start":{},"end":{}}],"line":229},"19":{"loc":{"start":{"line":237,"column":8},"end":{"line":242,"column":9}},"type":"if","locations":[{"start":{"line":237,"column":8},"end":{"line":242,"column":9}},{"start":{},"end":{}}],"line":237},"20":{"loc":{"start":{"line":249,"column":42},"end":{"line":249,"column":79}},"type":"cond-expr","locations":[{"start":{"line":249,"column":62},"end":{"line":249,"column":68}},{"start":{"line":249,"column":71},"end":{"line":249,"column":79}}],"line":249}},"s":{"0":1,"1":1,"2":1,"3":0,"4":0,"5":0,"6":0,"7":0,"8":0,"9":0,"10":0,"11":0,"12":0,"13":0,"14":0,"15":0,"16":0,"17":0,"18":0,"19":1,"20":0,"21":0,"22":0,"23":0,"24":0,"25":0,"26":1,"27":0,"28":0,"29":0,"30":0,"31":0,"32":0,"33":0,"34":0,"35":0,"36":1,"37":0,"38":0,"39":0,"40":0,"41":0,"42":0,"43":0,"44":0,"45":0,"46":0,"47":0,"48":0,"49":0,"50":1,"51":0,"52":0,"53":0,"54":0,"55":0,"56":0,"57":0,"58":0,"59":0,"60":0,"61":1,"62":0,"63":0,"64":0,"65":0,"66":0,"67":0,"68":0,"69":0,"70":0,"71":0},"f":{"0":0,"1":0,"2":0,"3":0,"4":0,"5":0},"b":{"0":[0],"1":[0],"2":[0],"3":[0],"4":[0,0],"5":[0,0],"6":[0,0],"7":[0,0],"8":[0,0],"9":[0,0],"10":[0,0],"11":[0,0],"12":[0,0],"13":[0,0],"14":[0,0],"15":[0,0],"16":[0,0],"17":[0,0],"18":[0,0],"19":[0,0],"20":[0,0]},"_coverageSchema":"1a1c01bbd47fc00a2c39e90264f33305004495a9","hash":"e591eadb7ab6095d123228fb128ca64888142fbe"},"C:\\Users\\Ammar\\Documents\\delivero\\backend\\models\\Restaurant.js":{"path":"C:\\Users\\Ammar\\Documents\\delivero\\backend\\models\\Restaurant.js","statementMap":{"0":{"start":{"line":1,"column":17},"end":{"line":1,"column":36}},"1":{"start":{"line":3,"column":25},"end":{"line":158,"column":2}},"2":{"start":{"line":161,"column":0},"end":{"line":161,"column":49}},"3":{"start":{"line":162,"column":0},"end":{"line":162,"column":39}},"4":{"start":{"line":163,"column":0},"end":{"line":163,"column":39}},"5":{"start":{"line":164,"column":0},"end":{"line":164,"column":51}},"6":{"start":{"line":167,"column":0},"end":{"line":171,"column":3}},"7":{"start":{"line":174,"column":0},"end":{"line":185,"column":2}},"8":{"start":{"line":175,"column":4},"end":{"line":175,"column":53}},"9":{"start":{"line":175,"column":40},"end":{"line":175,"column":53}},"10":{"start":{"line":177,"column":16},"end":{"line":177,"column":26}},"11":{"start":{"line":178,"column":20},"end":{"line":178,"column":112}},"12":{"start":{"line":179,"column":24},"end":{"line":179,"column":113}},"13":{"start":{"line":181,"column":23},"end":{"line":181,"column":71}},"14":{"start":{"line":181,"column":53},"end":{"line":181,"column":70}},"15":{"start":{"line":182,"column":4},"end":{"line":182,"column":56}},"16":{"start":{"line":182,"column":43},"end":{"line":182,"column":56}},"17":{"start":{"line":184,"column":4},"end":{"line":184,"column":77}},"18":{"start":{"line":187,"column":0},"end":{"line":187,"column":64}}},"fnMap":{"0":{"name":"(anonymous_0)","decl":{"start":{"line":174,"column":43},"end":{"line":174,"column":44}},"loc":{"start":{"line":174,"column":55},"end":{"line":185,"column":1}},"line":174},"1":{"name":"(anonymous_1)","decl":{"start":{"line":181,"column":48},"end":{"line":181,"column":49}},"loc":{"start":{"line":181,"column":53},"end":{"line":181,"column":70}},"line":181}},"branchMap":{"0":{"loc":{"start":{"line":175,"column":4},"end":{"line":175,"column":53}},"type":"if","locations":[{"start":{"line":175,"column":4},"end":{"line":175,"column":53}},{"start":{},"end":{}}],"line":175},"1":{"loc":{"start":{"line":175,"column":8},"end":{"line":175,"column":38}},"type":"binary-expr","locations":[{"start":{"line":175,"column":8},"end":{"line":175,"column":20}},{"start":{"line":175,"column":24},"end":{"line":175,"column":38}}],"line":175},"2":{"loc":{"start":{"line":182,"column":4},"end":{"line":182,"column":56}},"type":"if","locations":[{"start":{"line":182,"column":4},"end":{"line":182,"column":56}},{"start":{},"end":{}}],"line":182},"3":{"loc":{"start":{"line":182,"column":8},"end":{"line":182,"column":41}},"type":"binary-expr","locations":[{"start":{"line":182,"column":8},"end":{"line":182,"column":19}},{"start":{"line":182,"column":23},"end":{"line":182,"column":41}}],"line":182},"4":{"loc":{"start":{"line":184,"column":11},"end":{"line":184,"column":76}},"type":"binary-expr","locations":[{"start":{"line":184,"column":11},"end":{"line":184,"column":41}},{"start":{"line":184,"column":45},"end":{"line":184,"column":76}}],"line":184}},"s":{"0":1,"1":1,"2":1,"3":1,"4":1,"5":1,"6":1,"7":1,"8":0,"9":0,"10":0,"11":0,"12":0,"13":0,"14":0,"15":0,"16":0,"17":0,"18":1},"f":{"0":0,"1":0},"b":{"0":[0,0],"1":[0,0],"2":[0,0],"3":[0,0],"4":[0,0]},"_coverageSchema":"1a1c01bbd47fc00a2c39e90264f33305004495a9","hash":"5db03552692b06781b07b2bf71c86419186e8f77"},"C:\\Users\\Ammar\\Documents\\delivero\\backend\\models\\MenuItem.js":{"path":"C:\\Users\\Ammar\\Documents\\delivero\\backend\\models\\MenuItem.js","statementMap":{"0":{"start":{"line":1,"column":17},"end":{"line":1,"column":36}},"1":{"start":{"line":3,"column":23},"end":{"line":112,"column":2}},"2":{"start":{"line":115,"column":0},"end":{"line":115,"column":53}},"3":{"start":{"line":116,"column":0},"end":{"line":116,"column":41}},"4":{"start":{"line":117,"column":0},"end":{"line":117,"column":34}},"5":{"start":{"line":118,"column":0},"end":{"line":118,"column":41}},"6":{"start":{"line":121,"column":0},"end":{"line":126,"column":3}},"7":{"start":{"line":122,"column":4},"end":{"line":124,"column":5}},"8":{"start":{"line":123,"column":8},"end":{"line":123,"column":90}},"9":{"start":{"line":125,"column":4},"end":{"line":125,"column":13}},"10":{"start":{"line":128,"column":0},"end":{"line":128,"column":60}}},"fnMap":{"0":{"name":"(anonymous_0)","decl":{"start":{"line":121,"column":49},"end":{"line":121,"column":50}},"loc":{"start":{"line":121,"column":61},"end":{"line":126,"column":1}},"line":121}},"branchMap":{"0":{"loc":{"start":{"line":122,"column":4},"end":{"line":124,"column":5}},"type":"if","locations":[{"start":{"line":122,"column":4},"end":{"line":124,"column":5}},{"start":{},"end":{}}],"line":122},"1":{"loc":{"start":{"line":122,"column":8},"end":{"line":122,"column":61}},"type":"binary-expr","locations":[{"start":{"line":122,"column":8},"end":{"line":122,"column":26}},{"start":{"line":122,"column":30},"end":{"line":122,"column":61}}],"line":122}},"s":{"0":1,"1":1,"2":1,"3":1,"4":1,"5":1,"6":1,"7":0,"8":0,"9":0,"10":1},"f":{"0":0},"b":{"0":[0,0],"1":[0,0]},"_coverageSchema":"1a1c01bbd47fc00a2c39e90264f33305004495a9","hash":"c98a8405ed2764b2053129cc0697456ca635cbef"},"C:\\Users\\Ammar\\Documents\\delivero\\backend\\routes\\menu.js":{"path":"C:\\Users\\Ammar\\Documents\\delivero\\backend\\routes\\menu.js","statementMap":{"0":{"start":{"line":1,"column":16},"end":{"line":1,"column":34}},"1":{"start":{"line":2,"column":15},"end":{"line":2,"column":52}},"2":{"start":{"line":10,"column":4},"end":{"line":10,"column":44}},"3":{"start":{"line":11,"column":31},"end":{"line":11,"column":60}},"4":{"start":{"line":14,"column":0},"end":{"line":14,"column":30}},"5":{"start":{"line":15,"column":0},"end":{"line":15,"column":32}},"6":{"start":{"line":18,"column":0},"end":{"line":18,"column":67}},"7":{"start":{"line":19,"column":0},"end":{"line":19,"column":69}},"8":{"start":{"line":20,"column":0},"end":{"line":20,"column":72}},"9":{"start":{"line":21,"column":0},"end":{"line":21,"column":80}},"10":{"start":{"line":23,"column":0},"end":{"line":23,"column":24}}},"fnMap":{},"branchMap":{},"s":{"0":1,"1":1,"2":1,"3":1,"4":1,"5":1,"6":1,"7":1,"8":1,"9":1,"10":1},"f":{},"b":{},"_coverageSchema":"1a1c01bbd47fc00a2c39e90264f33305004495a9","hash":"2b2c1ec13f7c99f0d34ff6ef8a66e65901921cab"},"C:\\Users\\Ammar\\Documents\\delivero\\backend\\controllers\\MenuController.js":{"path":"C:\\Users\\Ammar\\Documents\\delivero\\backend\\controllers\\MenuController.js","statementMap":{"0":{"start":{"line":1,"column":17},"end":{"line":1,"column":46}},"1":{"start":{"line":2,"column":19},"end":{"line":2,"column":50}},"2":{"start":{"line":7,"column":0},"end":{"line":42,"column":2}},"3":{"start":{"line":8,"column":4},"end":{"line":41,"column":5}},"4":{"start":{"line":9,"column":43},"end":{"line":9,"column":52}},"5":{"start":{"line":11,"column":22},"end":{"line":14,"column":9}},"6":{"start":{"line":16,"column":8},"end":{"line":18,"column":9}},"7":{"start":{"line":17,"column":12},"end":{"line":17,"column":38}},"8":{"start":{"line":20,"column":8},"end":{"line":22,"column":9}},"9":{"start":{"line":21,"column":12},"end":{"line":21,"column":50}},"10":{"start":{"line":24,"column":8},"end":{"line":29,"column":9}},"11":{"start":{"line":25,"column":12},"end":{"line":28,"column":14}},"12":{"start":{"line":31,"column":26},"end":{"line":32,"column":41}},"13":{"start":{"line":34,"column":8},"end":{"line":38,"column":11}},"14":{"start":{"line":40,"column":8},"end":{"line":40,"column":20}},"15":{"start":{"line":47,"column":0},"end":{"line":66,"column":2}},"16":{"start":{"line":48,"column":4},"end":{"line":65,"column":5}},"17":{"start":{"line":49,"column":25},"end":{"line":50,"column":61}},"18":{"start":{"line":52,"column":8},"end":{"line":57,"column":9}},"19":{"start":{"line":53,"column":12},"end":{"line":56,"column":15}},"20":{"start":{"line":59,"column":8},"end":{"line":62,"column":11}},"21":{"start":{"line":64,"column":8},"end":{"line":64,"column":20}},"22":{"start":{"line":71,"column":0},"end":{"line":101,"column":2}},"23":{"start":{"line":72,"column":4},"end":{"line":100,"column":5}},"24":{"start":{"line":73,"column":27},"end":{"line":73,"column":77}},"25":{"start":{"line":75,"column":8},"end":{"line":80,"column":9}},"26":{"start":{"line":76,"column":12},"end":{"line":79,"column":15}},"27":{"start":{"line":83,"column":8},"end":{"line":88,"column":9}},"28":{"start":{"line":84,"column":12},"end":{"line":87,"column":15}},"29":{"start":{"line":90,"column":8},"end":{"line":90,"column":54}},"30":{"start":{"line":91,"column":25},"end":{"line":91,"column":56}},"31":{"start":{"line":93,"column":8},"end":{"line":97,"column":11}},"32":{"start":{"line":99,"column":8},"end":{"line":99,"column":20}},"33":{"start":{"line":106,"column":0},"end":{"line":142,"column":2}},"34":{"start":{"line":107,"column":4},"end":{"line":141,"column":5}},"35":{"start":{"line":108,"column":23},"end":{"line":108,"column":84}},"36":{"start":{"line":110,"column":8},"end":{"line":115,"column":9}},"37":{"start":{"line":111,"column":12},"end":{"line":114,"column":15}},"38":{"start":{"line":118,"column":8},"end":{"line":123,"column":9}},"39":{"start":{"line":119,"column":12},"end":{"line":122,"column":15}},"40":{"start":{"line":125,"column":8},"end":{"line":132,"column":10}},"41":{"start":{"line":134,"column":8},"end":{"line":138,"column":11}},"42":{"start":{"line":140,"column":8},"end":{"line":140,"column":20}},"43":{"start":{"line":147,"column":0},"end":{"line":175,"column":2}},"44":{"start":{"line":148,"column":4},"end":{"line":174,"column":5}},"45":{"start":{"line":149,"column":25},"end":{"line":149,"column":86}},"46":{"start":{"line":151,"column":8},"end":{"line":156,"column":9}},"47":{"start":{"line":152,"column":12},"end":{"line":155,"column":15}},"48":{"start":{"line":159,"column":8},"end":{"line":164,"column":9}},"49":{"start":{"line":160,"column":12},"end":{"line":163,"column":15}},"50":{"start":{"line":166,"column":8},"end":{"line":166,"column":35}},"51":{"start":{"line":168,"column":8},"end":{"line":171,"column":11}},"52":{"start":{"line":173,"column":8},"end":{"line":173,"column":20}},"53":{"start":{"line":180,"column":0},"end":{"line":210,"column":2}},"54":{"start":{"line":181,"column":4},"end":{"line":209,"column":5}},"55":{"start":{"line":182,"column":25},"end":{"line":182,"column":86}},"56":{"start":{"line":184,"column":8},"end":{"line":189,"column":9}},"57":{"start":{"line":185,"column":12},"end":{"line":188,"column":15}},"58":{"start":{"line":192,"column":8},"end":{"line":197,"column":9}},"59":{"start":{"line":193,"column":12},"end":{"line":196,"column":15}},"60":{"start":{"line":199,"column":8},"end":{"line":199,"column":53}},"61":{"start":{"line":200,"column":8},"end":{"line":200,"column":30}},"62":{"start":{"line":202,"column":8},"end":{"line":206,"column":11}},"63":{"start":{"line":208,"column":8},"end":{"line":208,"column":20}}},"fnMap":{"0":{"name":"(anonymous_0)","decl":{"start":{"line":7,"column":23},"end":{"line":7,"column":24}},"loc":{"start":{"line":7,"column":49},"end":{"line":42,"column":1}},"line":7},"1":{"name":"(anonymous_1)","decl":{"start":{"line":47,"column":22},"end":{"line":47,"column":23}},"loc":{"start":{"line":47,"column":48},"end":{"line":66,"column":1}},"line":47},"2":{"name":"(anonymous_2)","decl":{"start":{"line":71,"column":25},"end":{"line":71,"column":26}},"loc":{"start":{"line":71,"column":51},"end":{"line":101,"column":1}},"line":71},"3":{"name":"(anonymous_3)","decl":{"start":{"line":106,"column":25},"end":{"line":106,"column":26}},"loc":{"start":{"line":106,"column":51},"end":{"line":142,"column":1}},"line":106},"4":{"name":"(anonymous_4)","decl":{"start":{"line":147,"column":25},"end":{"line":147,"column":26}},"loc":{"start":{"line":147,"column":51},"end":{"line":175,"column":1}},"line":147},"5":{"name":"(anonymous_5)","decl":{"start":{"line":180,"column":29},"end":{"line":180,"column":30}},"loc":{"start":{"line":180,"column":55},"end":{"line":210,"column":1}},"line":180}},"branchMap":{"0":{"loc":{"start":{"line":16,"column":8},"end":{"line":18,"column":9}},"type":"if","locations":[{"start":{"line":16,"column":8},"end":{"line":18,"column":9}},{"start":{},"end":{}}],"line":16},"1":{"loc":{"start":{"line":20,"column":8},"end":{"line":22,"column":9}},"type":"if","locations":[{"start":{"line":20,"column":8},"end":{"line":22,"column":9}},{"start":{},"end":{}}],"line":20},"2":{"loc":{"start":{"line":24,"column":8},"end":{"line":29,"column":9}},"type":"if","locations":[{"start":{"line":24,"column":8},"end":{"line":29,"column":9}},{"start":{},"end":{}}],"line":24},"3":{"loc":{"start":{"line":52,"column":8},"end":{"line":57,"column":9}},"type":"if","locations":[{"start":{"line":52,"column":8},"end":{"line":57,"column":9}},{"start":{},"end":{}}],"line":52},"4":{"loc":{"start":{"line":75,"column":8},"end":{"line":80,"column":9}},"type":"if","locations":[{"start":{"line":75,"column":8},"end":{"line":80,"column":9}},{"start":{},"end":{}}],"line":75},"5":{"loc":{"start":{"line":83,"column":8},"end":{"line":88,"column":9}},"type":"if","locations":[{"start":{"line":83,"column":8},"end":{"line":88,"column":9}},{"start":{},"end":{}}],"line":83},"6":{"loc":{"start":{"line":110,"column":8},"end":{"line":115,"column":9}},"type":"if","locations":[{"start":{"line":110,"column":8},"end":{"line":115,"column":9}},{"start":{},"end":{}}],"line":110},"7":{"loc":{"start":{"line":118,"column":8},"end":{"line":123,"column":9}},"type":"if","locations":[{"start":{"line":118,"column":8},"end":{"line":123,"column":9}},{"start":{},"end":{}}],"line":118},"8":{"loc":{"start":{"line":151,"column":8},"end":{"line":156,"column":9}},"type":"if","locations":[{"start":{"line":151,"column":8},"end":{"line":156,"column":9}},{"start":{},"end":{}}],"line":151},"9":{"loc":{"start":{"line":159,"column":8},"end":{"line":164,"column":9}},"type":"if","locations":[{"start":{"line":159,"column":8},"end":{"line":164,"column":9}},{"start":{},"end":{}}],"line":159},"10":{"loc":{"start":{"line":184,"column":8},"end":{"line":189,"column":9}},"type":"if","locations":[{"start":{"line":184,"column":8},"end":{"line":189,"column":9}},{"start":{},"end":{}}],"line":184},"11":{"loc":{"start":{"line":192,"column":8},"end":{"line":197,"column":9}},"type":"if","locations":[{"start":{"line":192,"column":8},"end":{"line":197,"column":9}},{"start":{},"end":{}}],"line":192},"12":{"loc":{"start":{"line":204,"column":41},"end":{"line":204,"column":91}},"type":"cond-expr","locations":[{"start":{"line":204,"column":64},"end":{"line":204,"column":75}},{"start":{"line":204,"column":78},"end":{"line":204,"column":91}}],"line":204}},"s":{"0":1,"1":1,"2":1,"3":0,"4":0,"5":0,"6":0,"7":0,"8":0,"9":0,"10":0,"11":0,"12":0,"13":0,"14":0,"15":1,"16":0,"17":0,"18":0,"19":0,"20":0,"21":0,"22":1,"23":0,"24":0,"25":0,"26":0,"27":0,"28":0,"29":0,"30":0,"31":0,"32":0,"33":1,"34":0,"35":0,"36":0,"37":0,"38":0,"39":0,"40":0,"41":0,"42":0,"43":1,"44":0,"45":0,"46":0,"47":0,"48":0,"49":0,"50":0,"51":0,"52":0,"53":1,"54":0,"55":0,"56":0,"57":0,"58":0,"59":0,"60":0,"61":0,"62":0,"63":0},"f":{"0":0,"1":0,"2":0,"3":0,"4":0,"5":0},"b":{"0":[0,0],"1":[0,0],"2":[0,0],"3":[0,0],"4":[0,0],"5":[0,0],"6":[0,0],"7":[0,0],"8":[0,0],"9":[0,0],"10":[0,0],"11":[0,0],"12":[0,0]},"_coverageSchema":"1a1c01bbd47fc00a2c39e90264f33305004495a9","hash":"25f81221b2b3f5ad34ec82f9c15ba454cfee56a6"},"C:\\Users\\Ammar\\Documents\\delivero\\backend\\routes\\orders.js":{"path":"C:\\Users\\Ammar\\Documents\\delivero\\backend\\routes\\orders.js","statementMap":{"0":{"start":{"line":1,"column":16},"end":{"line":1,"column":34}},"1":{"start":{"line":2,"column":15},"end":{"line":2,"column":31}},"2":{"start":{"line":9,"column":4},"end":{"line":9,"column":45}},"3":{"start":{"line":10,"column":31},"end":{"line":10,"column":60}},"4":{"start":{"line":13,"column":0},"end":{"line":13,"column":20}},"5":{"start":{"line":16,"column":0},"end":{"line":16,"column":53}},"6":{"start":{"line":17,"column":0},"end":{"line":17,"column":27}},"7":{"start":{"line":18,"column":0},"end":{"line":18,"column":29}},"8":{"start":{"line":21,"column":0},"end":{"line":21,"column":80}},"9":{"start":{"line":24,"column":0},"end":{"line":24,"column":85}},"10":{"start":{"line":26,"column":0},"end":{"line":26,"column":24}}},"fnMap":{},"branchMap":{},"s":{"0":1,"1":1,"2":1,"3":1,"4":1,"5":1,"6":1,"7":1,"8":1,"9":1,"10":1},"f":{},"b":{},"_coverageSchema":"1a1c01bbd47fc00a2c39e90264f33305004495a9","hash":"45ae9d3d126ce66db7c0423a860d584c5535ddbf"},"C:\\Users\\Ammar\\Documents\\delivero\\backend\\controllers\\OrderController.js":{"path":"C:\\Users\\Ammar\\Documents\\delivero\\backend\\controllers\\OrderController.js","statementMap":{"0":{"start":{"line":1,"column":14},"end":{"line":1,"column":40}},"1":{"start":{"line":2,"column":19},"end":{"line":2,"column":50}},"2":{"start":{"line":3,"column":17},"end":{"line":3,"column":46}},"3":{"start":{"line":6,"column":25},"end":{"line":30,"column":1}},"4":{"start":{"line":7,"column":21},"end":{"line":7,"column":72}},"5":{"start":{"line":7,"column":49},"end":{"line":7,"column":68}},"6":{"start":{"line":8,"column":23},"end":{"line":8,"column":82}},"7":{"start":{"line":9,"column":28},"end":{"line":9,"column":95}},"8":{"start":{"line":10,"column":32},"end":{"line":10,"column":61}},"9":{"start":{"line":11,"column":18},"end":{"line":11,"column":61}},"10":{"start":{"line":14,"column":27},"end":{"line":14,"column":74}},"11":{"start":{"line":15,"column":31},"end":{"line":15,"column":69}},"12":{"start":{"line":16,"column":31},"end":{"line":16,"column":69}},"13":{"start":{"line":17,"column":27},"end":{"line":17,"column":46}},"14":{"start":{"line":19,"column":4},"end":{"line":29,"column":6}},"15":{"start":{"line":35,"column":0},"end":{"line":143,"column":2}},"16":{"start":{"line":36,"column":4},"end":{"line":142,"column":5}},"17":{"start":{"line":43,"column":12},"end":{"line":43,"column":20}},"18":{"start":{"line":46,"column":27},"end":{"line":46,"column":66}},"19":{"start":{"line":47,"column":8},"end":{"line":52,"column":9}},"20":{"start":{"line":48,"column":12},"end":{"line":51,"column":15}},"21":{"start":{"line":55,"column":27},"end":{"line":55,"column":29}},"22":{"start":{"line":56,"column":8},"end":{"line":84,"column":9}},"23":{"start":{"line":57,"column":29},"end":{"line":57,"column":67}},"24":{"start":{"line":58,"column":12},"end":{"line":63,"column":13}},"25":{"start":{"line":59,"column":16},"end":{"line":62,"column":19}},"26":{"start":{"line":66,"column":28},"end":{"line":66,"column":58}},"27":{"start":{"line":67,"column":12},"end":{"line":73,"column":13}},"28":{"start":{"line":68,"column":16},"end":{"line":72,"column":17}},"29":{"start":{"line":69,"column":20},"end":{"line":71,"column":21}},"30":{"start":{"line":70,"column":24},"end":{"line":70,"column":66}},"31":{"start":{"line":75,"column":12},"end":{"line":83,"column":15}},"32":{"start":{"line":87,"column":24},"end":{"line":91,"column":9}},"33":{"start":{"line":94,"column":8},"end":{"line":99,"column":9}},"34":{"start":{"line":95,"column":12},"end":{"line":98,"column":15}},"35":{"start":{"line":102,"column":22},"end":{"line":117,"column":10}},"36":{"start":{"line":120,"column":19},"end":{"line":120,"column":36}},"37":{"start":{"line":121,"column":8},"end":{"line":126,"column":11}},"38":{"start":{"line":129,"column":8},"end":{"line":133,"column":9}},"39":{"start":{"line":130,"column":12},"end":{"line":132,"column":15}},"40":{"start":{"line":135,"column":8},"end":{"line":139,"column":11}},"41":{"start":{"line":141,"column":8},"end":{"line":141,"column":20}},"42":{"start":{"line":148,"column":0},"end":{"line":194,"column":2}},"43":{"start":{"line":149,"column":4},"end":{"line":193,"column":5}},"44":{"start":{"line":150,"column":49},"end":{"line":150,"column":58}},"45":{"start":{"line":152,"column":20},"end":{"line":152,"column":22}},"46":{"start":{"line":155,"column":8},"end":{"line":164,"column":9}},"47":{"start":{"line":156,"column":12},"end":{"line":156,"column":41}},"48":{"start":{"line":157,"column":15},"end":{"line":164,"column":9}},"49":{"start":{"line":158,"column":31},"end":{"line":158,"column":79}},"50":{"start":{"line":159,"column":12},"end":{"line":161,"column":13}},"51":{"start":{"line":160,"column":16},"end":{"line":160,"column":50}},"52":{"start":{"line":162,"column":15},"end":{"line":164,"column":9}},"53":{"start":{"line":163,"column":12},"end":{"line":163,"column":39}},"54":{"start":{"line":167,"column":8},"end":{"line":169,"column":9}},"55":{"start":{"line":168,"column":12},"end":{"line":168,"column":34}},"56":{"start":{"line":171,"column":21},"end":{"line":171,"column":59}},"57":{"start":{"line":173,"column":23},"end":{"line":179,"column":35}},"58":{"start":{"line":181,"column":22},"end":{"line":181,"column":55}},"59":{"start":{"line":183,"column":8},"end":{"line":190,"column":11}},"60":{"start":{"line":192,"column":8},"end":{"line":192,"column":20}},"61":{"start":{"line":199,"column":0},"end":{"line":235,"column":2}},"62":{"start":{"line":200,"column":4},"end":{"line":234,"column":5}},"63":{"start":{"line":201,"column":22},"end":{"line":205,"column":53}},"64":{"start":{"line":207,"column":8},"end":{"line":212,"column":9}},"65":{"start":{"line":208,"column":12},"end":{"line":211,"column":15}},"66":{"start":{"line":216,"column":12},"end":{"line":219,"column":37}},"67":{"start":{"line":221,"column":8},"end":{"line":226,"column":9}},"68":{"start":{"line":222,"column":12},"end":{"line":225,"column":15}},"69":{"start":{"line":228,"column":8},"end":{"line":231,"column":11}},"70":{"start":{"line":233,"column":8},"end":{"line":233,"column":20}},"71":{"start":{"line":240,"column":0},"end":{"line":312,"column":2}},"72":{"start":{"line":241,"column":4},"end":{"line":311,"column":5}},"73":{"start":{"line":242,"column":27},"end":{"line":242,"column":35}},"74":{"start":{"line":243,"column":22},"end":{"line":245,"column":45}},"75":{"start":{"line":247,"column":8},"end":{"line":252,"column":9}},"76":{"start":{"line":248,"column":12},"end":{"line":251,"column":15}},"77":{"start":{"line":255,"column":27},"end":{"line":255,"column":74}},"78":{"start":{"line":257,"column":8},"end":{"line":264,"column":9}},"79":{"start":{"line":258,"column":12},"end":{"line":263,"column":13}},"80":{"start":{"line":259,"column":16},"end":{"line":262,"column":19}},"81":{"start":{"line":266,"column":8},"end":{"line":273,"column":9}},"82":{"start":{"line":267,"column":12},"end":{"line":272,"column":13}},"83":{"start":{"line":268,"column":16},"end":{"line":271,"column":19}},"84":{"start":{"line":276,"column":8},"end":{"line":276,"column":30}},"85":{"start":{"line":279,"column":8},"end":{"line":279,"column":66}},"86":{"start":{"line":279,"column":36},"end":{"line":279,"column":66}},"87":{"start":{"line":280,"column":8},"end":{"line":280,"column":62}},"88":{"start":{"line":280,"column":32},"end":{"line":280,"column":62}},"89":{"start":{"line":281,"column":8},"end":{"line":281,"column":66}},"90":{"start":{"line":281,"column":36},"end":{"line":281,"column":66}},"91":{"start":{"line":282,"column":8},"end":{"line":286,"column":9}},"92":{"start":{"line":283,"column":12},"end":{"line":283,"column":43}},"93":{"start":{"line":284,"column":12},"end":{"line":284,"column":47}},"94":{"start":{"line":285,"column":12},"end":{"line":285,"column":46}},"95":{"start":{"line":288,"column":8},"end":{"line":288,"column":27}},"96":{"start":{"line":291,"column":19},"end":{"line":291,"column":36}},"97":{"start":{"line":292,"column":8},"end":{"line":296,"column":11}},"98":{"start":{"line":299,"column":8},"end":{"line":302,"column":11}},"99":{"start":{"line":304,"column":8},"end":{"line":308,"column":11}},"100":{"start":{"line":310,"column":8},"end":{"line":310,"column":20}},"101":{"start":{"line":317,"column":0},"end":{"line":373,"column":2}},"102":{"start":{"line":318,"column":4},"end":{"line":372,"column":5}},"103":{"start":{"line":319,"column":27},"end":{"line":319,"column":35}},"104":{"start":{"line":320,"column":22},"end":{"line":320,"column":80}},"105":{"start":{"line":322,"column":8},"end":{"line":327,"column":9}},"106":{"start":{"line":323,"column":12},"end":{"line":326,"column":15}},"107":{"start":{"line":330,"column":8},"end":{"line":335,"column":9}},"108":{"start":{"line":331,"column":12},"end":{"line":334,"column":15}},"109":{"start":{"line":338,"column":27},"end":{"line":338,"column":74}},"110":{"start":{"line":339,"column":27},"end":{"line":339,"column":68}},"111":{"start":{"line":340,"column":29},"end":{"line":340,"column":86}},"112":{"start":{"line":342,"column":8},"end":{"line":347,"column":9}},"113":{"start":{"line":343,"column":12},"end":{"line":346,"column":15}},"114":{"start":{"line":349,"column":8},"end":{"line":349,"column":35}},"115":{"start":{"line":350,"column":8},"end":{"line":354,"column":10}},"116":{"start":{"line":356,"column":8},"end":{"line":356,"column":27}},"117":{"start":{"line":359,"column":19},"end":{"line":359,"column":36}},"118":{"start":{"line":360,"column":8},"end":{"line":363,"column":11}},"119":{"start":{"line":365,"column":8},"end":{"line":369,"column":11}},"120":{"start":{"line":371,"column":8},"end":{"line":371,"column":20}}},"fnMap":{"0":{"name":"(anonymous_0)","decl":{"start":{"line":6,"column":25},"end":{"line":6,"column":26}},"loc":{"start":{"line":6,"column":70},"end":{"line":30,"column":1}},"line":6},"1":{"name":"(anonymous_1)","decl":{"start":{"line":7,"column":34},"end":{"line":7,"column":35}},"loc":{"start":{"line":7,"column":49},"end":{"line":7,"column":68}},"line":7},"2":{"name":"(anonymous_2)","decl":{"start":{"line":35,"column":22},"end":{"line":35,"column":23}},"loc":{"start":{"line":35,"column":48},"end":{"line":143,"column":1}},"line":35},"3":{"name":"(anonymous_3)","decl":{"start":{"line":148,"column":20},"end":{"line":148,"column":21}},"loc":{"start":{"line":148,"column":46},"end":{"line":194,"column":1}},"line":148},"4":{"name":"(anonymous_4)","decl":{"start":{"line":199,"column":19},"end":{"line":199,"column":20}},"loc":{"start":{"line":199,"column":45},"end":{"line":235,"column":1}},"line":199},"5":{"name":"(anonymous_5)","decl":{"start":{"line":240,"column":28},"end":{"line":240,"column":29}},"loc":{"start":{"line":240,"column":54},"end":{"line":312,"column":1}},"line":240},"6":{"name":"(anonymous_6)","decl":{"start":{"line":317,"column":22},"end":{"line":317,"column":23}},"loc":{"start":{"line":317,"column":48},"end":{"line":373,"column":1}},"line":317}},"branchMap":{"0":{"loc":{"start":{"line":6,"column":46},"end":{"line":6,"column":65}},"type":"default-arg","locations":[{"start":{"line":6,"column":60},"end":{"line":6,"column":65}}],"line":6},"1":{"loc":{"start":{"line":8,"column":45},"end":{"line":8,"column":81}},"type":"binary-expr","locations":[{"start":{"line":8,"column":45},"end":{"line":8,"column":73}},{"start":{"line":8,"column":77},"end":{"line":8,"column":81}}],"line":8},"2":{"loc":{"start":{"line":9,"column":28},"end":{"line":9,"column":95}},"type":"cond-expr","locations":[{"start":{"line":9,"column":42},"end":{"line":9,"column":89}},{"start":{"line":9,"column":92},"end":{"line":9,"column":95}}],"line":9},"3":{"loc":{"start":{"line":9,"column":53},"end":{"line":9,"column":88}},"type":"binary-expr","locations":[{"start":{"line":9,"column":53},"end":{"line":9,"column":81}},{"start":{"line":9,"column":85},"end":{"line":9,"column":88}}],"line":9},"4":{"loc":{"start":{"line":14,"column":38},"end":{"line":14,"column":73}},"type":"binary-expr","locations":[{"start":{"line":14,"column":38},"end":{"line":14,"column":65}},{"start":{"line":14,"column":69},"end":{"line":14,"column":73}}],"line":14},"5":{"loc":{"start":{"line":47,"column":8},"end":{"line":52,"column":9}},"type":"if","locations":[{"start":{"line":47,"column":8},"end":{"line":52,"column":9}},{"start":{},"end":{}}],"line":47},"6":{"loc":{"start":{"line":47,"column":12},"end":{"line":47,"column":69}},"type":"binary-expr","locations":[{"start":{"line":47,"column":12},"end":{"line":47,"column":23}},{"start":{"line":47,"column":27},"end":{"line":47,"column":47}},{"start":{"line":47,"column":51},"end":{"line":47,"column":69}}],"line":47},"7":{"loc":{"start":{"line":58,"column":12},"end":{"line":63,"column":13}},"type":"if","locations":[{"start":{"line":58,"column":12},"end":{"line":63,"column":13}},{"start":{},"end":{}}],"line":58},"8":{"loc":{"start":{"line":58,"column":16},"end":{"line":58,"column":50}},"type":"binary-expr","locations":[{"start":{"line":58,"column":16},"end":{"line":58,"column":25}},{"start":{"line":58,"column":29},"end":{"line":58,"column":50}}],"line":58},"9":{"loc":{"start":{"line":67,"column":12},"end":{"line":73,"column":13}},"type":"if","locations":[{"start":{"line":67,"column":12},"end":{"line":73,"column":13}},{"start":{},"end":{}}],"line":67},"10":{"loc":{"start":{"line":80,"column":32},"end":{"line":80,"column":57}},"type":"binary-expr","locations":[{"start":{"line":80,"column":32},"end":{"line":80,"column":51}},{"start":{"line":80,"column":55},"end":{"line":80,"column":57}}],"line":80},"11":{"loc":{"start":{"line":81,"column":37},"end":{"line":81,"column":67}},"type":"binary-expr","locations":[{"start":{"line":81,"column":37},"end":{"line":81,"column":61}},{"start":{"line":81,"column":65},"end":{"line":81,"column":67}}],"line":81},"12":{"loc":{"start":{"line":94,"column":8},"end":{"line":99,"column":9}},"type":"if","locations":[{"start":{"line":94,"column":8},"end":{"line":99,"column":9}},{"start":{},"end":{}}],"line":94},"13":{"loc":{"start":{"line":112,"column":24},"end":{"line":112,"column":72}},"type":"cond-expr","locations":[{"start":{"line":112,"column":51},"end":{"line":112,"column":60}},{"start":{"line":112,"column":63},"end":{"line":112,"column":72}}],"line":112},"14":{"loc":{"start":{"line":114,"column":25},"end":{"line":114,"column":45}},"type":"binary-expr","locations":[{"start":{"line":114,"column":25},"end":{"line":114,"column":36}},{"start":{"line":114,"column":40},"end":{"line":114,"column":45}}],"line":114},"15":{"loc":{"start":{"line":115,"column":29},"end":{"line":115,"column":89}},"type":"cond-expr","locations":[{"start":{"line":115,"column":43},"end":{"line":115,"column":83}},{"start":{"line":115,"column":86},"end":{"line":115,"column":89}}],"line":115},"16":{"loc":{"start":{"line":150,"column":24},"end":{"line":150,"column":32}},"type":"default-arg","locations":[{"start":{"line":150,"column":31},"end":{"line":150,"column":32}}],"line":150},"17":{"loc":{"start":{"line":150,"column":34},"end":{"line":150,"column":44}},"type":"default-arg","locations":[{"start":{"line":150,"column":42},"end":{"line":150,"column":44}}],"line":150},"18":{"loc":{"start":{"line":155,"column":8},"end":{"line":164,"column":9}},"type":"if","locations":[{"start":{"line":155,"column":8},"end":{"line":164,"column":9}},{"start":{"line":157,"column":15},"end":{"line":164,"column":9}}],"line":155},"19":{"loc":{"start":{"line":157,"column":15},"end":{"line":164,"column":9}},"type":"if","locations":[{"start":{"line":157,"column":15},"end":{"line":164,"column":9}},{"start":{"line":162,"column":15},"end":{"line":164,"column":9}}],"line":157},"20":{"loc":{"start":{"line":159,"column":12},"end":{"line":161,"column":13}},"type":"if","locations":[{"start":{"line":159,"column":12},"end":{"line":161,"column":13}},{"start":{},"end":{}}],"line":159},"21":{"loc":{"start":{"line":162,"column":15},"end":{"line":164,"column":9}},"type":"if","locations":[{"start":{"line":162,"column":15},"end":{"line":164,"column":9}},{"start":{},"end":{}}],"line":162},"22":{"loc":{"start":{"line":167,"column":8},"end":{"line":169,"column":9}},"type":"if","locations":[{"start":{"line":167,"column":8},"end":{"line":169,"column":9}},{"start":{},"end":{}}],"line":167},"23":{"loc":{"start":{"line":207,"column":8},"end":{"line":212,"column":9}},"type":"if","locations":[{"start":{"line":207,"column":8},"end":{"line":212,"column":9}},{"
[...]
olumn":9}},"20":{"start":{"line":64,"column":12},"end":{"line":67,"column":15}},"21":{"start":{"line":71,"column":22},"end":{"line":71,"column":51}},"22":{"start":{"line":72,"column":8},"end":{"line":77,"column":9}},"23":{"start":{"line":73,"column":12},"end":{"line":76,"column":15}},"24":{"start":{"line":79,"column":8},"end":{"line":79,"column":43}},"25":{"start":{"line":80,"column":8},"end":{"line":80,"column":42}},"26":{"start":{"line":81,"column":8},"end":{"line":81,"column":27}},"27":{"start":{"line":83,"column":8},"end":{"line":87,"column":11}},"28":{"start":{"line":89,"column":8},"end":{"line":89,"column":20}},"29":{"start":{"line":96,"column":0},"end":{"line":138,"column":2}},"30":{"start":{"line":97,"column":4},"end":{"line":137,"column":5}},"31":{"start":{"line":98,"column":44},"end":{"line":98,"column":52}},"32":{"start":{"line":100,"column":22},"end":{"line":100,"column":51}},"33":{"start":{"line":101,"column":8},"end":{"line":106,"column":9}},"34":{"start":{"line":102,"column":12},"end":{"line":105,"column":15}},"35":{"start":{"line":108,"column":8},"end":{"line":113,"column":9}},"36":{"start":{"line":109,"column":12},"end":{"line":112,"column":15}},"37":{"start":{"line":116,"column":23},"end":{"line":120,"column":10}},"38":{"start":{"line":123,"column":8},"end":{"line":123,"column":42}},"39":{"start":{"line":124,"column":8},"end":{"line":124,"column":27}},"40":{"start":{"line":126,"column":8},"end":{"line":134,"column":11}},"41":{"start":{"line":136,"column":8},"end":{"line":136,"column":20}},"42":{"start":{"line":143,"column":0},"end":{"line":174,"column":2}},"43":{"start":{"line":144,"column":4},"end":{"line":173,"column":5}},"44":{"start":{"line":145,"column":41},"end":{"line":145,"column":50}},"45":{"start":{"line":147,"column":22},"end":{"line":150,"column":9}},"46":{"start":{"line":152,"column":21},"end":{"line":152,"column":59}},"47":{"start":{"line":154,"column":23},"end":{"line":159,"column":48}},"48":{"start":{"line":161,"column":22},"end":{"line":161,"column":55}},"49":{"start":{"line":163,"column":8},"end":{"line":170,"column":11}},"50":{"start":{"line":172,"column":8},"end":{"line":172,"column":20}},"51":{"start":{"line":179,"column":0},"end":{"line":221,"column":2}},"52":{"start":{"line":180,"column":16},"end":{"line":180,"column":47}},"53":{"start":{"line":184,"column":4},"end":{"line":192,"column":5}},"54":{"start":{"line":185,"column":8},"end":{"line":189,"column":10}},"55":{"start":{"line":191,"column":8},"end":{"line":191,"column":69}},"56":{"start":{"line":195,"column":4},"end":{"line":218,"column":5}},"57":{"start":{"line":197,"column":34},"end":{"line":197,"column":51}},"58":{"start":{"line":199,"column":12},"end":{"line":205,"column":14}},"59":{"start":{"line":206,"column":12},"end":{"line":206,"column":18}},"60":{"start":{"line":210,"column":12},"end":{"line":213,"column":14}},"61":{"start":{"line":214,"column":12},"end":{"line":214,"column":18}},"62":{"start":{"line":217,"column":12},"end":{"line":217,"column":62}},"63":{"start":{"line":220,"column":4},"end":{"line":220,"column":33}}},"fnMap":{"0":{"name":"(anonymous_0)","decl":{"start":{"line":7,"column":30},"end":{"line":7,"column":31}},"loc":{"start":{"line":7,"column":56},"end":{"line":51,"column":1}},"line":7},"1":{"name":"(anonymous_1)","decl":{"start":{"line":56,"column":25},"end":{"line":56,"column":26}},"loc":{"start":{"line":56,"column":51},"end":{"line":91,"column":1}},"line":56},"2":{"name":"(anonymous_2)","decl":{"start":{"line":96,"column":24},"end":{"line":96,"column":25}},"loc":{"start":{"line":96,"column":50},"end":{"line":138,"column":1}},"line":96},"3":{"name":"(anonymous_3)","decl":{"start":{"line":143,"column":28},"end":{"line":143,"column":29}},"loc":{"start":{"line":143,"column":54},"end":{"line":174,"column":1}},"line":143},"4":{"name":"(anonymous_4)","decl":{"start":{"line":179,"column":24},"end":{"line":179,"column":25}},"loc":{"start":{"line":179,"column":50},"end":{"line":221,"column":1}},"line":179}},"branchMap":{"0":{"loc":{"start":{"line":11,"column":8},"end":{"line":16,"column":9}},"type":"if","locations":[{"start":{"line":11,"column":8},"end":{"line":16,"column":9}},{"start":{},"end":{}}],"line":11},"1":{"loc":{"start":{"line":11,"column":12},"end":{"line":11,"column":31}},"type":"binary-expr","locations":[{"start":{"line":11,"column":12},"end":{"line":11,"column":19}},{"start":{"line":11,"column":23},"end":{"line":11,"column":31}}],"line":11},"2":{"loc":{"start":{"line":20,"column":8},"end":{"line":25,"column":9}},"type":"if","locations":[{"start":{"line":20,"column":8},"end":{"line":25,"column":9}},{"start":{},"end":{}}],"line":20},"3":{"loc":{"start":{"line":20,"column":12},"end":{"line":20,"column":63}},"type":"binary-expr","locations":[{"start":{"line":20,"column":12},"end":{"line":20,"column":18}},{"start":{"line":20,"column":22},"end":{"line":20,"column":63}}],"line":20},"4":{"loc":{"start":{"line":63,"column":8},"end":{"line":68,"column":9}},"type":"if","locations":[{"start":{"line":63,"column":8},"end":{"line":68,"column":9}},{"start":{},"end":{}}],"line":63},"5":{"loc":{"start":{"line":72,"column":8},"end":{"line":77,"column":9}},"type":"if","locations":[{"start":{"line":72,"column":8},"end":{"line":77,"column":9}},{"start":{},"end":{}}],"line":72},"6":{"loc":{"start":{"line":101,"column":8},"end":{"line":106,"column":9}},"type":"if","locations":[{"start":{"line":101,"column":8},"end":{"line":106,"column":9}},{"start":{},"end":{}}],"line":101},"7":{"loc":{"start":{"line":108,"column":8},"end":{"line":113,"column":9}},"type":"if","locations":[{"start":{"line":108,"column":8},"end":{"line":113,"column":9}},{"start":{},"end":{}}],"line":108},"8":{"loc":{"start":{"line":118,"column":20},"end":{"line":118,"column":65}},"type":"cond-expr","locations":[{"start":{"line":118,"column":29},"end":{"line":118,"column":53}},{"start":{"line":118,"column":56},"end":{"line":118,"column":65}}],"line":118},"9":{"loc":{"start":{"line":119,"column":20},"end":{"line":119,"column":53}},"type":"binary-expr","locations":[{"start":{"line":119,"column":20},"end":{"line":119,"column":26}},{"start":{"line":119,"column":30},"end":{"line":119,"column":53}}],"line":119},"10":{"loc":{"start":{"line":145,"column":16},"end":{"line":145,"column":24}},"type":"default-arg","locations":[{"start":{"line":145,"column":23},"end":{"line":145,"column":24}}],"line":145},"11":{"loc":{"start":{"line":145,"column":26},"end":{"line":145,"column":36}},"type":"default-arg","locations":[{"start":{"line":145,"column":34},"end":{"line":145,"column":36}}],"line":145},"12":{"loc":{"start":{"line":195,"column":4},"end":{"line":218,"column":5}},"type":"switch","locations":[{"start":{"line":196,"column":8},"end":{"line":206,"column":18}},{"start":{"line":208,"column":8},"end":{"line":214,"column":18}},{"start":{"line":216,"column":8},"end":{"line":217,"column":62}}],"line":195}},"s":{"0":1,"1":1,"2":1,"3":0,"4":0,"5":0,"6":0,"7":0,"8":0,"9":0,"10":0,"11":0,"12":0,"13":0,"14":0,"15":1,"16":0,"17":0,"18":0,"19":0,"20":0,"21":0,"22":0,"23":0,"24":0,"25":0,"26":0,"27":0,"28":0,"29":1,"30":0,"31":0,"32":0,"33":0,"34":0,"35":0,"36":0,"37":0,"38":0,"39":0,"40":0,"41":0,"42":1,"43":0,"44":0,"45":0,"46":0,"47":0,"48":0,"49":0,"50":0,"51":1,"52":0,"53":0,"54":0,"55":0,"56":0,"57":0,"58":0,"59":0,"60":0,"61":0,"62":0,"63":0},"f":{"0":0,"1":0,"2":0,"3":0,"4":0},"b":{"0":[0,0],"1":[0,0],"2":[0,0],"3":[0,0],"4":[0,0],"5":[0,0],"6":[0,0],"7":[0,0],"8":[0,0],"9":[0,0],"10":[0],"11":[0],"12":[0,0,0]},"_coverageSchema":"1a1c01bbd47fc00a2c39e90264f33305004495a9","hash":"2bbfc86dab3c4b9bd9c40bccd4094161562b49de"},"C:\\Users\\Ammar\\Documents\\delivero\\backend\\routes\\admin.js":{"path":"C:\\Users\\Ammar\\Documents\\delivero\\backend\\routes\\admin.js","statementMap":{"0":{"start":{"line":1,"column":16},"end":{"line":1,"column":34}},"1":{"start":{"line":2,"column":15},"end":{"line":2,"column":31}},"2":{"start":{"line":10,"column":4},"end":{"line":10,"column":45}},"3":{"start":{"line":11,"column":31},"end":{"line":11,"column":60}},"4":{"start":{"line":14,"column":0},"end":{"line":14,"column":20}},"5":{"start":{"line":15,"column":0},"end":{"line":15,"column":31}},"6":{"start":{"line":17,"column":0},"end":{"line":17,"column":31}},"7":{"start":{"line":18,"column":0},"end":{"line":18,"column":31}},"8":{"start":{"line":19,"column":0},"end":{"line":19,"column":37}},"9":{"start":{"line":20,"column":0},"end":{"line":20,"column":40}},"10":{"start":{"line":21,"column":0},"end":{"line":21,"column":56}},"11":{"start":{"line":22,"column":0},"end":{"line":22,"column":54}},"12":{"start":{"line":24,"column":0},"end":{"line":24,"column":24}}},"fnMap":{},"branchMap":{},"s":{"0":1,"1":1,"2":1,"3":1,"4":1,"5":1,"6":1,"7":1,"8":1,"9":1,"10":1,"11":1,"12":1},"f":{},"b":{},"_coverageSchema":"1a1c01bbd47fc00a2c39e90264f33305004495a9","hash":"14c06707228b5acb5ae169706dbec690bb2fa4bb"},"C:\\Users\\Ammar\\Documents\\delivero\\backend\\controllers\\AdminController.js":{"path":"C:\\Users\\Ammar\\Documents\\delivero\\backend\\controllers\\AdminController.js","statementMap":{"0":{"start":{"line":1,"column":13},"end":{"line":1,"column":38}},"1":{"start":{"line":2,"column":19},"end":{"line":2,"column":50}},"2":{"start":{"line":3,"column":14},"end":{"line":3,"column":40}},"3":{"start":{"line":8,"column":0},"end":{"line":99,"column":2}},"4":{"start":{"line":9,"column":4},"end":{"line":98,"column":5}},"5":{"start":{"line":10,"column":39},"end":{"line":10,"column":48}},"6":{"start":{"line":12,"column":27},"end":{"line":12,"column":29}},"7":{"start":{"line":13,"column":8},"end":{"line":18,"column":9}},"8":{"start":{"line":14,"column":12},"end":{"line":17,"column":14}},"9":{"start":{"line":21,"column":31},"end":{"line":21,"column":78}},"10":{"start":{"line":22,"column":33},"end":{"line":22,"column":66}},"11":{"start":{"line":23,"column":29},"end":{"line":23,"column":74}},"12":{"start":{"line":24,"column":30},"end":{"line":27,"column":10}},"13":{"start":{"line":30,"column":28},"end":{"line":30,"column":66}},"14":{"start":{"line":31,"column":32},"end":{"line":34,"column":10}},"15":{"start":{"line":35,"column":32},"end":{"line":38,"column":10}},"16":{"start":{"line":39,"column":29},"end":{"line":41,"column":10}},"17":{"start":{"line":44,"column":29},"end":{"line":61,"column":10}},"18":{"start":{"line":63,"column":24},"end":{"line":69,"column":9}},"19":{"start":{"line":72,"column":31},"end":{"line":75,"column":10}},"20":{"start":{"line":77,"column":8},"end":{"line":95,"column":11}},"21":{"start":{"line":97,"column":8},"end":{"line":97,"column":20}},"22":{"start":{"line":104,"column":0},"end":{"line":143,"column":2}},"23":{"start":{"line":105,"column":4},"end":{"line":142,"column":5}},"24":{"start":{"line":106,"column":55},"end":{"line":106,"column":64}},"25":{"start":{"line":108,"column":22},"end":{"line":108,"column":24}},"26":{"start":{"line":110,"column":8},"end":{"line":112,"column":9}},"27":{"start":{"line":111,"column":12},"end":{"line":111,"column":30}},"28":{"start":{"line":114,"column":8},"end":{"line":120,"column":9}},"29":{"start":{"line":115,"column":12},"end":{"line":119,"column":14}},"30":{"start":{"line":122,"column":21},"end":{"line":122,"column":59}},"31":{"start":{"line":124,"column":22},"end":{"line":128,"column":35}},"32":{"start":{"line":130,"column":22},"end":{"line":130,"column":54}},"33":{"start":{"line":132,"column":8},"end":{"line":139,"column":11}},"34":{"start":{"line":141,"column":8},"end":{"line":141,"column":20}},"35":{"start":{"line":148,"column":0},"end":{"line":173,"column":2}},"36":{"start":{"line":149,"column":4},"end":{"line":172,"column":5}},"37":{"start":{"line":150,"column":41},"end":{"line":150,"column":49}},"38":{"start":{"line":152,"column":27},"end":{"line":156,"column":9}},"39":{"start":{"line":158,"column":8},"end":{"line":163,"column":9}},"40":{"start":{"line":159,"column":12},"end":{"line":162,"column":15}},"41":{"start":{"line":165,"column":8},"end":{"line":169,"column":11}},"42":{"start":{"line":171,"column":8},"end":{"line":171,"column":20}},"43":{"start":{"line":178,"column":0},"end":{"line":207,"column":2}},"44":{"start":{"line":179,"column":4},"end":{"line":206,"column":5}},"45":{"start":{"line":180,"column":35},"end":{"line":180,"column":43}},"46":{"start":{"line":182,"column":27},"end":{"line":182,"column":29}},"47":{"start":{"line":183,"column":8},"end":{"line":183,"column":76}},"48":{"start":{"line":183,"column":45},"end":{"line":183,"column":76}},"49":{"start":{"line":184,"column":8},"end":{"line":184,"column":41}},"50":{"start":{"line":184,"column":18},"end":{"line":184,"column":41}},"51":{"start":{"line":186,"column":21},"end":{"line":190,"column":29}},"52":{"start":{"line":192,"column":8},"end":{"line":197,"column":9}},"53":{"start":{"line":193,"column":12},"end":{"line":196,"column":15}},"54":{"start":{"line":199,"column":8},"end":{"line":203,"column":11}},"55":{"start":{"line":205,"column":8},"end":{"line":205,"column":20}},"56":{"start":{"line":212,"column":0},"end":{"line":265,"column":2}},"57":{"start":{"line":213,"column":4},"end":{"line":264,"column":5}},"58":{"start":{"line":214,"column":36},"end":{"line":214,"column":45}},"59":{"start":{"line":219,"column":8},"end":{"line":235,"column":9}},"60":{"start":{"line":221,"column":16},"end":{"line":221,"column":55}},"61":{"start":{"line":222,"column":16},"end":{"line":222,"column":75}},"62":{"start":{"line":223,"column":16},"end":{"line":223,"column":22}},"63":{"start":{"line":225,"column":16},"end":{"line":225,"column":56}},"64":{"start":{"line":226,"column":16},"end":{"line":226,"column":76}},"65":{"start":{"line":227,"column":16},"end":{"line":227,"column":22}},"66":{"start":{"line":229,"column":16},"end":{"line":229,"column":51}},"67":{"start":{"line":230,"column":16},"end":{"line":230,"column":77}},"68":{"start":{"line":231,"column":16},"end":{"line":231,"column":22}},"69":{"start":{"line":233,"column":16},"end":{"line":233,"column":55}},"70":{"start":{"line":234,"column":16},"end":{"line":234,"column":75}},"71":{"start":{"line":237,"column":26},"end":{"line":255,"column":10}},"72":{"start":{"line":257,"column":8},"end":{"line":261,"column":11}},"73":{"start":{"line":263,"column":8},"end":{"line":263,"column":20}},"74":{"start":{"line":270,"column":0},"end":{"line":293,"column":2}},"75":{"start":{"line":271,"column":4},"end":{"line":292,"column":5}},"76":{"start":{"line":272,"column":21},"end":{"line":276,"column":29}},"77":{"start":{"line":278,"column":8},"end":{"line":283,"column":9}},"78":{"start":{"line":279,"column":12},"end":{"line":282,"column":15}},"79":{"start":{"line":285,"column":8},"end":{"line":289,"column":11}},"80":{"start":{"line":291,"column":8},"end":{"line":291,"column":20}}},"fnMap":{"0":{"name":"(anonymous_0)","decl":{"start":{"line":8,"column":19},"end":{"line":8,"column":20}},"loc":{"start":{"line":8,"column":45},"end":{"line":99,"column":1}},"line":8},"1":{"name":"(anonymous_1)","decl":{"start":{"line":104,"column":19},"end":{"line":104,"column":20}},"loc":{"start":{"line":104,"column":45},"end":{"line":143,"column":1}},"line":104},"2":{"name":"(anonymous_2)","decl":{"start":{"line":148,"column":27},"end":{"line":148,"column":28}},"loc":{"start":{"line":148,"column":53},"end":{"line":173,"column":1}},"line":148},"3":{"name":"(anonymous_3)","decl":{"start":{"line":178,"column":21},"end":{"line":178,"column":22}},"loc":{"start":{"line":178,"column":47},"end":{"line":207,"column":1}},"line":178},"4":{"name":"(anonymous_4)","decl":{"start":{"line":212,"column":30},"end":{"line":212,"column":31}},"loc":{"start":{"line":212,"column":56},"end":{"line":265,"column":1}},"line":212},"5":{"name":"(anonymous_5)","decl":{"start":{"line":270,"column":21},"end":{"line":270,"column":22}},"loc":{"start":{"line":270,"column":47},"end":{"line":293,"column":1}},"line":270}},"branchMap":{"0":{"loc":{"start":{"line":13,"column":8},"end":{"line":18,"column":9}},"type":"if","locations":[{"start":{"line":13,"column":8},"end":{"line":18,"column":9}},{"start":{},"end":{}}],"line":13},"1":{"loc":{"start":{"line":13,"column":12},"end":{"line":13,"column":32}},"type":"binary-expr","locations":[{"start":{"line":13,"column":12},"end":{"line":13,"column":21}},{"start":{"line":13,"column":25},"end":{"line":13,"column":32}}],"line":13},"2":{"loc":{"start":{"line":63,"column":24},"end":{"line":69,"column":9}},"type":"binary-expr","locations":[{"start":{"line":63,"column":24},"end":{"line":63,"column":39}},{"start":{"line":63,"column":43},"end":{"line":69,"column":9}}],"line":63},"3":{"loc":{"start":{"line":106,"column":30},"end":{"line":106,"column":38}},"type":"default-arg","locations":[{"start":{"line":106,"column":37},"end":{"line":106,"column":38}}],"line":106},"4":{"loc":{"start":{"line":106,"column":40},"end":{"line":106,"column":50}},"type":"default-arg","locations":[{"start":{"line":106,"column":48},"end":{"line":106,"column":50}}],"line":106},"5":{"loc":{"start":{"line":110,"column":8},"end":{"line":112,"column":9}},"type":"if","locations":[{"start":{"line":110,"column":8},"end":{"line":112,"column":9}},{"start":{},"end":{}}],"line":110},"6":{"loc":{"start":{"line":114,"column":8},"end":{"line":120,"column":9}},"type":"if","locations":[{"start":{"line":114,"column":8},"end":{"line":120,"column":9}},{"start":{},"end":{}}],"line":114},"7":{"loc":{"start":{"line":158,"column":8},"end":{"line":163,"column":9}},"type":"if","locations":[{"start":{"line":158,"column":8},"end":{"line":163,"column":9}},{"start":{},"end":{}}],"line":158},"8":{"loc":{"start":{"line":167,"column":35},"end":{"line":167,"column":69}},"type":"cond-expr","locations":[{"start":{"line":167,"column":46},"end":{"line":167,"column":56}},{"start":{"line":167,"column":59},"end":{"line":167,"column":69}}],"line":167},"9":{"loc":{"start":{"line":183,"column":8},"end":{"line":183,"column":76}},"type":"if","locations":[{"start":{"line":183,"column":8},"end":{"line":183,"column":76}},{"start":{},"end":{}}],"line":183},"10":{"loc":{"start":{"line":184,"column":8},"end":{"line":184,"column":41}},"type":"if","locations":[{"start":{"line":184,"column":8},"end":{"line":184,"column":41}},{"start":{},"end":{}}],"line":184},"11":{"loc":{"start":{"line":192,"column":8},"end":{"line":197,"column":9}},"type":"if","locations":[{"start":{"line":192,"column":8},"end":{"line":197,"column":9}},{"start":{},"end":{}}],"line":192},"12":{"loc":{"start":{"line":214,"column":16},"end":{"line":214,"column":31}},"type":"default-arg","locations":[{"start":{"line":214,"column":25},"end":{"line":214,"column":31}}],"line":214},"13":{"loc":{"start":{"line":219,"column":8},"end":{"line":235,"column":9}},"type":"switch","locations":[{"start":{"line":220,"column":12},"end":{"line":223,"column":22}},{"start":{"line":224,"column":12},"end":{"line":227,"column":22}},{"start":{"line":228,"column":12},"end":{"line":231,"column":22}},{"start":{"line":232,"column":12},"end":{"line":234,"column":75}}],"line":219},"14":{"loc":{"start":{"line":278,"column":8},"end":{"line":283,"column":9}},"type":"if","locations":[{"start":{"line":278,"column":8},"end":{"line":283,"column":9}},{"start":{},"end":{}}],"line":278}},"s":{"0":1,"1":1,"2":1,"3":1,"4":0,"5":0,"6":0,"7":0,"8":0,"9":0,"10":0,"11":0,"12":0,"13":0,"14":0,"15":0,"16":0,"17":0,"18":0,"19":0,"20":0,"21":0,"22":1,"23":0,"24":0,"25":0,"26":0,"27":0,"28":0,"29":0,"30":0,"31":0,"32":0,"33":0,"34":0,"35":1,"36":0,"37":0,"38":0,"39":0,"40":0,"41":0,"42":0,"43":1,"44":0,"45":0,"46":0,"47":0,"48":0,"49":0,"50":0,"51":0,"52":0,"53":0,"54":0,"55":0,"56":1,"57":0,"58":0,"59":0,"60":0,"61":0,"62":0,"63":0,"64":0,"65":0,"66":0,"67":0,"68":0,"69":0,"70":0,"71":0,"72":0,"73":0,"74":1,"75":0,"76":0,"77":0,"78":0,"79":0,"80":0},"f":{"0":0,"1":0,"2":0,"3":0,"4":0,"5":0},"b":{"0":[0,0],"1":[0,0],"2":[0,0],"3":[0],"4":[0],"5":[0,0],"6":[0,0],"7":[0,0],"8":[0,0],"9":[0,0],"10":[0,0],"11":[0,0],"12":[0],"13":[0,0,0,0],"14":[0,0]},"_coverageSchema":"1a1c01bbd47fc00a2c39e90264f33305004495a9","hash":"fc2c6cdd1f88ee005c7242c4b4c7b44b3f2a3b8e"}}}
